[{"line":3,"elements":[{"line":5,"name":"","description":"","type":"background","keyword":"Background","steps":[{"result":{"duration":1000000,"status":"skipped"},"line":6,"name":"user navigate to register page","match":{"location":"org.example.StepDefs.Register_steps.register_page()"},"keyword":"Given "}]},{"start_timestamp":"2022-11-17T18:21:39.020Z","before":[{"result":{"error_message":"org.openqa.selenium.WebDriverException: unknown error: DevToolsActivePort file doesn't exist\nBuild info: version: '3.8.0', revision: '924c4067df', time: '2017-11-30T11:20:39.408Z'\nSystem info: host: 'SOMA-PC', ip: '192.168.1.6', os.name: 'Windows 10', os.arch: 'amd64', os.version: '10.0', java.version: '1.8.0_151'\nDriver info: driver.version: ChromeDriver\nremote stacktrace: Backtrace:\n\tOrdinal0 [0x0057ACD3+2075859]\n\tOrdinal0 [0x0050EE61+1633889]\n\tOrdinal0 [0x0040B7BD+571325]\n\tOrdinal0 [0x0042D414+709652]\n\tOrdinal0 [0x00429098+692376]\n\tOrdinal0 [0x00426BE9+682985]\n\tOrdinal0 [0x0045DBD3+908243]\n\tOrdinal0 [0x0045D6AA+906922]\n\tOrdinal0 [0x00457136+880950]\n\tOrdinal0 [0x0042FEFD+720637]\n\tOrdinal0 [0x00430F3F+724799]\n\tGetHandleVerifier [0x0082EED2+2769538]\n\tGetHandleVerifier [0x00820D95+2711877]\n\tGetHandleVerifier [0x0060A03A+521194]\n\tGetHandleVerifier [0x00608DA0+516432]\n\tOrdinal0 [0x0051682C+1665068]\n\tOrdinal0 [0x0051B128+1683752]\n\tOrdinal0 [0x0051B215+1683989]\n\tOrdinal0 [0x00526484+1729668]\n\tBaseThreadInitThunk [0x7555FEF9+25]\n\tRtlGetAppContainerNamedObjectPath [0x77777BBE+286]\n\tRtlGetAppContainerNamedObjectPath [0x77777B8E+238]\n\r\n\tat sun.reflect.NativeConstructorAccessorImpl.newInstance0(Native Method)\r\n\tat sun.reflect.NativeConstructorAccessorImpl.newInstance(NativeConstructorAccessorImpl.java:62)\r\n\tat sun.reflect.DelegatingConstructorAccessorImpl.newInstance(DelegatingConstructorAccessorImpl.java:45)\r\n\tat java.lang.reflect.Constructor.newInstance(Constructor.java:423)\r\n\tat org.openqa.selenium.remote.W3CHandshakeResponse.lambda$new$0(W3CHandshakeResponse.java:57)\r\n\tat org.openqa.selenium.remote.W3CHandshakeResponse.lambda$getResponseFunction$2(W3CHandshakeResponse.java:104)\r\n\tat org.openqa.selenium.remote.ProtocolHandshake.lambda$createSession$0(ProtocolHandshake.java:123)\r\n\tat java.util.stream.ReferencePipeline$3$1.accept(ReferencePipeline.java:193)\r\n\tat java.util.Spliterators$ArraySpliterator.tryAdvance(Spliterators.java:958)\r\n\tat java.util.stream.ReferencePipeline.forEachWithCancel(ReferencePipeline.java:126)\r\n\tat java.util.stream.AbstractPipeline.copyIntoWithCancel(AbstractPipeline.java:498)\r\n\tat java.util.stream.AbstractPipeline.copyInto(AbstractPipeline.java:485)\r\n\tat java.util.stream.AbstractPipeline.wrapAndCopyInto(AbstractPipeline.java:471)\r\n\tat java.util.stream.FindOps$FindOp.evaluateSequential(FindOps.java:152)\r\n\tat java.util.stream.AbstractPipeline.evaluate(AbstractPipeline.java:234)\r\n\tat java.util.stream.ReferencePipeline.findFirst(ReferencePipeline.java:464)\r\n\tat org.openqa.selenium.remote.ProtocolHandshake.createSession(ProtocolHandshake.java:126)\r\n\tat org.openqa.selenium.remote.ProtocolHandshake.createSession(ProtocolHandshake.java:73)\r\n\tat org.openqa.selenium.remote.HttpCommandExecutor.execute(HttpCommandExecutor.java:142)\r\n\tat org.openqa.selenium.remote.service.DriverCommandExecutor.execute(DriverCommandExecutor.java:83)\r\n\tat org.openqa.selenium.remote.RemoteWebDriver.execute(RemoteWebDriver.java:601)\r\n\tat org.openqa.selenium.remote.RemoteWebDriver.startSession(RemoteWebDriver.java:219)\r\n\tat org.openqa.selenium.remote.RemoteWebDriver.<init>(RemoteWebDriver.java:142)\r\n\tat org.openqa.selenium.chrome.ChromeDriver.<init>(ChromeDriver.java:181)\r\n\tat org.openqa.selenium.chrome.ChromeDriver.<init>(ChromeDriver.java:168)\r\n\tat org.openqa.selenium.chrome.ChromeDriver.<init>(ChromeDriver.java:123)\r\n\tat org.example.StepDefs.Hooks.openBrowser(Hooks.java:19)\r\n","duration":83579000000,"status":"failed"},"match":{"location":"org.example.StepDefs.Hooks.openBrowser()"}}],"line":8,"name":"user full the data to be able to register to the website","description":"","id":"f01-register-|users-could-register-with-new-accounts;user-full-the-data-to-be-able-to-register-to-the-website","after":[{"result":{"error_message":"java.lang.NullPointerException\r\n\tat org.example.StepDefs.Hooks.closeBrowser(Hooks.java:30)\r\n","duration":3003000000,"status":"failed"},"match":{"location":"org.example.StepDefs.Hooks.closeBrowser()"}}],"type":"scenario","keyword":"Scenario","steps":[{"result":{"duration":1000000,"status":"skipped"},"line":9,"name":"user select gender type","match":{"location":"org.example.StepDefs.Register_steps.Gender()"},"keyword":"And "},{"result":{"duration":1000000,"status":"skipped"},"line":10,"name":"user enter valid data","match":{"location":"org.example.StepDefs.Register_steps.user_enter_first_name()"},"keyword":"When "},{"result":{"duration":1000000,"status":"skipped"},"line":11,"name":"user click on register button","match":{"location":"org.example.StepDefs.Register_steps.register_button()"},"keyword":"Then "},{"result":{"duration":4000000,"status":"skipped"},"line":12,"name":"success message is displayed","match":{"location":"org.example.StepDefs.Register_steps.register_successfully()"},"keyword":"Then "}],"tags":[{"name":"@smoke"}]}],"name":"F01_Register |Users could register with new accounts","description":"","id":"f01-register-|users-could-register-with-new-accounts","keyword":"Feature","uri":"file:src/main/resources/features/F01_Register.feature","tags":[{"name":"@smoke","type":"Tag","location":{"line":1,"column":1}}]},{"line":3,"elements":[{"start_timestamp":"2022-11-17T18:23:08.123Z","before":[{"result":{"error_message":"org.openqa.selenium.WebDriverException: unknown error: DevToolsActivePort file doesn't exist\nBuild info: version: '3.8.0', revision: '924c4067df', time: '2017-11-30T11:20:39.408Z'\nSystem info: host: 'SOMA-PC', ip: '192.168.1.6', os.name: 'Windows 10', os.arch: 'amd64', os.version: '10.0', java.version: '1.8.0_151'\nDriver info: driver.version: ChromeDriver\nremote stacktrace: Backtrace:\n\tOrdinal0 [0x0057ACD3+2075859]\n\tOrdinal0 [0x0050EE61+1633889]\n\tOrdinal0 [0x0040B7BD+571325]\n\tOrdinal0 [0x0042D414+709652]\n\tOrdinal0 [0x00429098+692376]\n\tOrdinal0 [0x00426BE9+682985]\n\tOrdinal0 [0x0045DBD3+908243]\n\tOrdinal0 [0x0045D6AA+906922]\n\tOrdinal0 [0x00457136+880950]\n\tOrdinal0 [0x0042FEFD+720637]\n\tOrdinal0 [0x00430F3F+724799]\n\tGetHandleVerifier [0x0082EED2+2769538]\n\tGetHandleVerifier [0x00820D95+2711877]\n\tGetHandleVerifier [0x0060A03A+521194]\n\tGetHandleVerifier [0x00608DA0+516432]\n\tOrdinal0 [0x0051682C+1665068]\n\tOrdinal0 [0x0051B128+1683752]\n\tOrdinal0 [0x0051B215+1683989]\n\tOrdinal0 [0x00526484+1729668]\n\tBaseThreadInitThunk [0x7555FEF9+25]\n\tRtlGetAppContainerNamedObjectPath [0x77777BBE+286]\n\tRtlGetAppContainerNamedObjectPath [0x77777B8E+238]\n\r\n\tat sun.reflect.NativeConstructorAccessorImpl.newInstance0(Native Method)\r\n\tat sun.reflect.NativeConstructorAccessorImpl.newInstance(NativeConstructorAccessorImpl.java:62)\r\n\tat sun.reflect.DelegatingConstructorAccessorImpl.newInstance(DelegatingConstructorAccessorImpl.java:45)\r\n\tat java.lang.reflect.Constructor.newInstance(Constructor.java:423)\r\n\tat org.openqa.selenium.remote.W3CHandshakeResponse.lambda$new$0(W3CHandshakeResponse.java:57)\r\n\tat org.openqa.selenium.remote.W3CHandshakeResponse.lambda$getResponseFunction$2(W3CHandshakeResponse.java:104)\r\n\tat org.openqa.selenium.remote.ProtocolHandshake.lambda$createSession$0(ProtocolHandshake.java:123)\r\n\tat java.util.stream.ReferencePipeline$3$1.accept(ReferencePipeline.java:193)\r\n\tat java.util.Spliterators$ArraySpliterator.tryAdvance(Spliterators.java:958)\r\n\tat java.util.stream.ReferencePipeline.forEachWithCancel(ReferencePipeline.java:126)\r\n\tat java.util.stream.AbstractPipeline.copyIntoWithCancel(AbstractPipeline.java:498)\r\n\tat java.util.stream.AbstractPipeline.copyInto(AbstractPipeline.java:485)\r\n\tat java.util.stream.AbstractPipeline.wrapAndCopyInto(AbstractPipeline.java:471)\r\n\tat java.util.stream.FindOps$FindOp.evaluateSequential(FindOps.java:152)\r\n\tat java.util.stream.AbstractPipeline.evaluate(AbstractPipeline.java:234)\r\n\tat java.util.stream.ReferencePipeline.findFirst(ReferencePipeline.java:464)\r\n\tat org.openqa.selenium.remote.ProtocolHandshake.createSession(ProtocolHandshake.java:126)\r\n\tat org.openqa.selenium.remote.ProtocolHandshake.createSession(ProtocolHandshake.java:73)\r\n\tat org.openqa.selenium.remote.HttpCommandExecutor.execute(HttpCommandExecutor.java:142)\r\n\tat org.openqa.selenium.remote.service.DriverCommandExecutor.execute(DriverCommandExecutor.java:83)\r\n\tat org.openqa.selenium.remote.RemoteWebDriver.execute(RemoteWebDriver.java:601)\r\n\tat org.openqa.selenium.remote.RemoteWebDriver.startSession(RemoteWebDriver.java:219)\r\n\tat org.openqa.selenium.remote.RemoteWebDriver.<init>(RemoteWebDriver.java:142)\r\n\tat org.openqa.selenium.chrome.ChromeDriver.<init>(ChromeDriver.java:181)\r\n\tat org.openqa.selenium.chrome.ChromeDriver.<init>(ChromeDriver.java:168)\r\n\tat org.openqa.selenium.chrome.ChromeDriver.<init>(ChromeDriver.java:123)\r\n\tat org.example.StepDefs.Hooks.openBrowser(Hooks.java:19)\r\n","duration":69402000000,"status":"failed"},"match":{"location":"org.example.StepDefs.Hooks.openBrowser()"}}],"line":6,"name":"user login with valid data","description":"","id":"f02-login-|user-should-be-able-to-login-to-the-system;user-login-with-valid-data","after":[{"result":{"error_message":"java.lang.NullPointerException\r\n\tat org.example.StepDefs.Hooks.closeBrowser(Hooks.java:30)\r\n","duration":3006000000,"status":"failed"},"match":{"location":"org.example.StepDefs.Hooks.closeBrowser()"}}],"type":"scenario","keyword":"Scenario","steps":[{"result":{"status":"skipped"},"line":7,"name":"user navigate to login page","match":{"location":"org.example.StepDefs.Login_steps.user_navigate_to_login_page()"},"keyword":"When "},{"result":{"status":"skipped"},"line":8,"name":"user enter \"Hadeermohamed22@gmail.com\" and \"Vois@2222\"","match":{"arguments":[{"val":"Hadeermohamed22@gmail.com","offset":12},{"val":"Vois@2222","offset":44}],"location":"org.example.StepDefs.Login_steps.vaild_data(java.lang.String,java.lang.String)"},"keyword":"And "},{"result":{"status":"skipped"},"line":9,"name":"user click on login button","match":{"location":"org.example.StepDefs.Login_steps.click_button()"},"keyword":"Then "},{"result":{"duration":1000000,"status":"skipped"},"line":10,"name":"user could login successfully and go to home page","match":{"location":"org.example.StepDefs.Login_steps.login_successfully()"},"keyword":"And "}],"tags":[{"name":"@smoke"}]},{"start_timestamp":"2022-11-17T18:24:20.685Z","before":[{"result":{"duration":123035000000,"status":"passed"},"match":{"location":"org.example.StepDefs.Hooks.openBrowser()"}}],"line":13,"name":"user login with invalid data","description":"","id":"f02-login-|user-should-be-able-to-login-to-the-system;user-login-with-invalid-data","after":[{"result":{"duration":6320000000,"status":"passed"},"match":{"location":"org.example.StepDefs.Hooks.closeBrowser()"}}],"type":"scenario","keyword":"Scenario","steps":[{"result":{"duration":10886000000,"status":"passed"},"line":14,"name":"user navigate to login page","match":{"location":"org.example.StepDefs.Login_steps.user_navigate_to_login_page()"},"keyword":"When "},{"result":{"duration":4708000000,"status":"passed"},"line":15,"name":"user enter \"Hadeermoaaz6@gmial.com\" and \"Vois\"","match":{"arguments":[{"val":"Hadeermoaaz6@gmial.com","offset":12},{"val":"Vois","offset":41}],"location":"org.example.StepDefs.Login_steps.vaild_data(java.lang.String,java.lang.String)"},"keyword":"And "},{"result":{"duration":3512000000,"status":"passed"},"line":16,"name":"user click on login button","match":{"location":"org.example.StepDefs.Login_steps.click_button()"},"keyword":"Then "},{"result":{"error_message":"java.lang.AssertionError: The following asserts failed:\n\tWrong Message expected [Login was unsuccessful. Please correct the errors and try again.\nThe credentials provided are incorrect] but found [Login was unsuccessful. Please correct the errors and try again.\nNo customer account found]\r\n\tat org.testng.asserts.SoftAssert.assertAll(SoftAssert.java:46)\r\n\tat org.testng.asserts.SoftAssert.assertAll(SoftAssert.java:30)\r\n\tat org.example.StepDefs.Login_steps.unable_to_login(Login_steps.java:65)\r\n\tat ✽.user could not login successfully and go to home page(file:///C:/Users/soma/IdeaProjects/Udacity/src/main/resources/features/F02_Login.feature:17)\r\n","duration":4588000000,"status":"failed"},"line":17,"name":"user could not login successfully and go to home page","match":{"location":"org.example.StepDefs.Login_steps.unable_to_login()"},"keyword":"And "}],"tags":[{"name":"@smoke"}]}],"name":"F02_Login |User should be able to login to the system","description":"","id":"f02-login-|user-should-be-able-to-login-to-the-system","keyword":"Feature","uri":"file:src/main/resources/features/F02_Login.feature","tags":[{"name":"@smoke","type":"Tag","location":{"line":1,"column":1}}]},{"line":2,"elements":[{"start_timestamp":"2022-11-17T18:26:53.862Z","before":[{"result":{"error_message":"org.openqa.selenium.WebDriverException: chrome not reachable\nBuild info: version: '3.8.0', revision: '924c4067df', time: '2017-11-30T11:20:39.408Z'\nSystem info: host: 'SOMA-PC', ip: '192.168.1.6', os.name: 'Windows 10', os.arch: 'amd64', os.version: '10.0', java.version: '1.8.0_151'\nDriver info: driver.version: ChromeDriver\nremote stacktrace: Backtrace:\n\tOrdinal0 [0x0057ACD3+2075859]\n\tOrdinal0 [0x0050EE61+1633889]\n\tOrdinal0 [0x0040B680+571008]\n\tOrdinal0 [0x004012EA+529130]\n\tOrdinal0 [0x0042D96E+711022]\n\tOrdinal0 [0x00429266+692838]\n\tOrdinal0 [0x00426BE9+682985]\n\tOrdinal0 [0x0045DBD3+908243]\n\tOrdinal0 [0x0045D6AA+906922]\n\tOrdinal0 [0x00457136+880950]\n\tOrdinal0 [0x0042FEFD+720637]\n\tOrdinal0 [0x00430F3F+724799]\n\tGetHandleVerifier [0x0082EED2+2769538]\n\tGetHandleVerifier [0x00820D95+2711877]\n\tGetHandleVerifier [0x0060A03A+521194]\n\tGetHandleVerifier [0x00608DA0+516432]\n\tOrdinal0 [0x0051682C+1665068]\n\tOrdinal0 [0x0051B128+1683752]\n\tOrdinal0 [0x0051B215+1683989]\n\tOrdinal0 [0x00526484+1729668]\n\tBaseThreadInitThunk [0x7555FEF9+25]\n\tRtlGetAppContainerNamedObjectPath [0x77777BBE+286]\n\tRtlGetAppContainerNamedObjectPath [0x77777B8E+238]\n\r\n\tat sun.reflect.NativeConstructorAccessorImpl.newInstance0(Native Method)\r\n\tat sun.reflect.NativeConstructorAccessorImpl.newInstance(NativeConstructorAccessorImpl.java:62)\r\n\tat sun.reflect.DelegatingConstructorAccessorImpl.newInstance(DelegatingConstructorAccessorImpl.java:45)\r\n\tat java.lang.reflect.Constructor.newInstance(Constructor.java:423)\r\n\tat org.openqa.selenium.remote.W3CHandshakeResponse.lambda$new$0(W3CHandshakeResponse.java:57)\r\n\tat org.openqa.selenium.remote.W3CHandshakeResponse.lambda$getResponseFunction$2(W3CHandshakeResponse.java:104)\r\n\tat org.openqa.selenium.remote.ProtocolHandshake.lambda$createSession$0(ProtocolHandshake.java:123)\r\n\tat java.util.stream.ReferencePipeline$3$1.accept(ReferencePipeline.java:193)\r\n\tat java.util.Spliterators$ArraySpliterator.tryAdvance(Spliterators.java:958)\r\n\tat java.util.stream.ReferencePipeline.forEachWithCancel(ReferencePipeline.java:126)\r\n\tat java.util.stream.AbstractPipeline.copyIntoWithCancel(AbstractPipeline.java:498)\r\n\tat java.util.stream.AbstractPipeline.copyInto(AbstractPipeline.java:485)\r\n\tat java.util.stream.AbstractPipeline.wrapAndCopyInto(AbstractPipeline.java:471)\r\n\tat java.util.stream.FindOps$FindOp.evaluateSequential(FindOps.java:152)\r\n\tat java.util.stream.AbstractPipeline.evaluate(AbstractPipeline.java:234)\r\n\tat java.util.stream.ReferencePipeline.findFirst(ReferencePipeline.java:464)\r\n\tat org.openqa.selenium.remote.ProtocolHandshake.createSession(ProtocolHandshake.java:126)\r\n\tat org.openqa.selenium.remote.ProtocolHandshake.createSession(ProtocolHandshake.java:73)\r\n\tat org.openqa.selenium.remote.HttpCommandExecutor.execute(HttpCommandExecutor.java:142)\r\n\tat org.openqa.selenium.remote.service.DriverCommandExecutor.execute(DriverCommandExecutor.java:83)\r\n\tat org.openqa.selenium.remote.RemoteWebDriver.execute(RemoteWebDriver.java:601)\r\n\tat org.openqa.selenium.remote.RemoteWebDriver.startSession(RemoteWebDriver.java:219)\r\n\tat org.openqa.selenium.remote.RemoteWebDriver.<init>(RemoteWebDriver.java:142)\r\n\tat org.openqa.selenium.chrome.ChromeDriver.<init>(ChromeDriver.java:181)\r\n\tat org.openqa.selenium.chrome.ChromeDriver.<init>(ChromeDriver.java:168)\r\n\tat org.openqa.selenium.chrome.ChromeDriver.<init>(ChromeDriver.java:123)\r\n\tat org.example.StepDefs.Hooks.openBrowser(Hooks.java:19)\r\n","duration":75059000000,"status":"failed"},"match":{"location":"org.example.StepDefs.Hooks.openBrowser()"}}],"line":5,"name":"user could select different categories","description":"","id":"f04-categories-|user-could-select-different-categories;user-could-select-different-categories","after":[{"result":{"duration":3011000000,"status":"passed"},"match":{"location":"org.example.StepDefs.Hooks.closeBrowser()"}}],"type":"scenario","keyword":"Scenario","steps":[{"result":{"status":"skipped"},"line":6,"name":"user select category and subcategory","match":{"location":"org.example.StepDefs.categories_steps.select_category()"},"keyword":"When "},{"result":{"status":"skipped"},"line":7,"name":"user click on subcategory","match":{"location":"org.example.StepDefs.categories_steps.user_clicks_subcategory()"},"keyword":"And "},{"result":{"status":"skipped"},"line":8,"name":"user find relative product page","match":{"location":"org.example.StepDefs.categories_steps.product_found()"},"keyword":"Then "}],"tags":[{"name":"@smoke"}]}],"name":"F04_Categories |User could select different categories","description":"","id":"f04-categories-|user-could-select-different-categories","keyword":"Feature","uri":"file:src/main/resources/features/F03_Catagories.feature","tags":[{"name":"@smoke","type":"Tag","location":{"line":1,"column":1}}]},{"line":3,"elements":[{"start_timestamp":"2022-11-17T18:28:12.164Z","before":[{"result":{"duration":161029000000,"status":"passed"},"match":{"location":"org.example.StepDefs.Hooks.openBrowser()"}}],"line":6,"name":"user could search for product name","description":"","id":"f03-search-|logged-user-could-search-for-any-products;user-could-search-for-product-name","after":[{"result":{"duration":7725000000,"status":"passed"},"match":{"location":"org.example.StepDefs.Hooks.closeBrowser()"}}],"type":"scenario","keyword":"Scenario","steps":[{"result":{"duration":1128000000,"status":"passed"},"line":7,"name":"user clicks on search field","match":{"location":"org.example.StepDefs.Search_steps.search_field()"},"keyword":"Given "},{"result":{"duration":570000000,"status":"passed"},"line":8,"name":"user search for product name like \"Nokia\"","match":{"arguments":[{"val":"Nokia","offset":35}],"location":"org.example.StepDefs.Search_steps.search_for_product(java.lang.String)"},"keyword":"When "},{"result":{"duration":3224000000,"status":"passed"},"line":9,"name":"user click on search Button","match":{"location":"org.example.StepDefs.Search_steps.search_Button()"},"keyword":"And "},{"result":{"duration":102000000,"status":"passed"},"line":10,"name":"user could search successfully and go to search page","match":{"location":"org.example.StepDefs.Search_steps.search_successfully()"},"keyword":"Then "}],"tags":[{"name":"@smoke"}]},{"start_timestamp":"2022-11-17T18:31:06.022Z","before":[{"result":{"error_message":"org.openqa.selenium.WebDriverException: chrome not reachable\nBuild info: version: '3.8.0', revision: '924c4067df', time: '2017-11-30T11:20:39.408Z'\nSystem info: host: 'SOMA-PC', ip: '192.168.1.6', os.name: 'Windows 10', os.arch: 'amd64', os.version: '10.0', java.version: '1.8.0_151'\nDriver info: driver.version: ChromeDriver\nremote stacktrace: Backtrace:\n\tOrdinal0 [0x0057ACD3+2075859]\n\tOrdinal0 [0x0050EE61+1633889]\n\tOrdinal0 [0x0040B680+571008]\n\tOrdinal0 [0x004012EA+529130]\n\tOrdinal0 [0x0042D96E+711022]\n\tOrdinal0 [0x00429266+692838]\n\tOrdinal0 [0x00426BE9+682985]\n\tOrdinal0 [0x0045DBD3+908243]\n\tOrdinal0 [0x0045D6AA+906922]\n\tOrdinal0 [0x00457136+880950]\n\tOrdinal0 [0x0042FEFD+720637]\n\tOrdinal0 [0x00430F3F+724799]\n\tGetHandleVerifier [0x0082EED2+2769538]\n\tGetHandleVerifier [0x00820D95+2711877]\n\tGetHandleVerifier [0x0060A03A+521194]\n\tGetHandleVerifier [0x00608DA0+516432]\n\tOrdinal0 [0x0051682C+1665068]\n\tOrdinal0 [0x0051B128+1683752]\n\tOrdinal0 [0x0051B215+1683989]\n\tOrdinal0 [0x00526484+1729668]\n\tBaseThreadInitThunk [0x7555FEF9+25]\n\tRtlGetAppContainerNamedObjectPath [0x77777BBE+286]\n\tRtlGetAppContainerNamedObjectPath [0x77777B8E+238]\n\r\n\tat sun.reflect.NativeConstructorAccessorImpl.newInstance0(Native Method)\r\n\tat sun.reflect.NativeConstructorAccessorImpl.newInstance(NativeConstructorAccessorImpl.java:62)\r\n\tat sun.reflect.DelegatingConstructorAccessorImpl.newInstance(DelegatingConstructorAccessorImpl.java:45)\r\n\tat java.lang.reflect.Constructor.newInstance(Constructor.java:423)\r\n\tat org.openqa.selenium.remote.W3CHandshakeResponse.lambda$new$0(W3CHandshakeResponse.java:57)\r\n\tat org.openqa.selenium.remote.W3CHandshakeResponse.lambda$getResponseFunction$2(W3CHandshakeResponse.java:104)\r\n\tat org.openqa.selenium.remote.ProtocolHandshake.lambda$createSession$0(ProtocolHandshake.java:123)\r\n\tat java.util.stream.ReferencePipeline$3$1.accept(ReferencePipeline.java:193)\r\n\tat java.util.Spliterators$ArraySpliterator.tryAdvance(Spliterators.java:958)\r\n\tat java.util.stream.ReferencePipeline.forEachWithCancel(ReferencePipeline.java:126)\r\n\tat java.util.stream.AbstractPipeline.copyIntoWithCancel(AbstractPipeline.java:498)\r\n\tat java.util.stream.AbstractPipeline.copyInto(AbstractPipeline.java:485)\r\n\tat java.util.stream.AbstractPipeline.wrapAndCopyInto(AbstractPipeline.java:471)\r\n\tat java.util.stream.FindOps$FindOp.evaluateSequential(FindOps.java:152)\r\n\tat java.util.stream.AbstractPipeline.evaluate(AbstractPipeline.java:234)\r\n\tat java.util.stream.ReferencePipeline.findFirst(ReferencePipeline.java:464)\r\n\tat org.openqa.selenium.remote.ProtocolHandshake.createSession(ProtocolHandshake.java:126)\r\n\tat org.openqa.selenium.remote.ProtocolHandshake.createSession(ProtocolHandshake.java:73)\r\n\tat org.openqa.selenium.remote.HttpCommandExecutor.execute(HttpCommandExecutor.java:142)\r\n\tat org.openqa.selenium.remote.service.DriverCommandExecutor.execute(DriverCommandExecutor.java:83)\r\n\tat org.openqa.selenium.remote.RemoteWebDriver.execute(RemoteWebDriver.java:601)\r\n\tat org.openqa.selenium.remote.RemoteWebDriver.startSession(RemoteWebDriver.java:219)\r\n\tat org.openqa.selenium.remote.RemoteWebDriver.<init>(RemoteWebDriver.java:142)\r\n\tat org.openqa.selenium.chrome.ChromeDriver.<init>(ChromeDriver.java:181)\r\n\tat org.openqa.selenium.chrome.ChromeDriver.<init>(ChromeDriver.java:168)\r\n\tat org.openqa.selenium.chrome.ChromeDriver.<init>(ChromeDriver.java:123)\r\n\tat org.example.StepDefs.Hooks.openBrowser(Hooks.java:19)\r\n","duration":74333000000,"status":"failed"},"match":{"location":"org.example.StepDefs.Hooks.openBrowser()"}}],"line":13,"name":"user search using SKU","description":"","id":"f03-search-|logged-user-could-search-for-any-products;user-search-using-sku","after":[{"result":{"duration":3013000000,"status":"passed"},"match":{"location":"org.example.StepDefs.Hooks.closeBrowser()"}}],"type":"scenario","keyword":"Scenario","steps":[{"result":{"duration":15000000,"status":"skipped"},"line":14,"name":"user clicks on search field","match":{"location":"org.example.StepDefs.Search_steps.search_field()"},"keyword":"Given "},{"result":{"status":"skipped"},"line":15,"name":"user search for product name like \"AP_MBP_13\"","match":{"arguments":[{"val":"AP_MBP_13","offset":35}],"location":"org.example.StepDefs.Search_steps.search_for_product(java.lang.String)"},"keyword":"When "},{"result":{"status":"skipped"},"line":16,"name":"user click on search Button","match":{"location":"org.example.StepDefs.Search_steps.search_Button()"},"keyword":"And "},{"result":{"status":"skipped"},"line":17,"name":"user could search successfully with SKU code","match":{"location":"org.example.StepDefs.Search_steps.successfully_with_SKU_code()"},"keyword":"Then "}],"tags":[{"name":"@smoke"}]},{"start_timestamp":"2022-11-17T18:32:24.315Z","before":[{"result":{"duration":21453000000,"status":"passed"},"match":{"location":"org.example.StepDefs.Hooks.openBrowser()"}}],"line":20,"name":"user search using invalid product name","description":"","id":"f03-search-|logged-user-could-search-for-any-products;user-search-using-invalid-product-name","after":[{"result":{"duration":4582000000,"status":"passed"},"match":{"location":"org.example.StepDefs.Hooks.closeBrowser()"}}],"type":"scenario","keyword":"Scenario","steps":[{"result":{"duration":323000000,"status":"passed"},"line":21,"name":"user clicks on search field","match":{"location":"org.example.StepDefs.Search_steps.search_field()"},"keyword":"Given "},{"result":{"duration":225000000,"status":"passed"},"line":22,"name":"user search for product name like \"Xiaomi\"","match":{"arguments":[{"val":"Xiaomi","offset":35}],"location":"org.example.StepDefs.Search_steps.search_for_product(java.lang.String)"},"keyword":"When "},{"result":{"duration":3190000000,"status":"passed"},"line":23,"name":"user click on search Button","match":{"location":"org.example.StepDefs.Search_steps.search_Button()"},"keyword":"And "},{"result":{"duration":788000000,"status":"passed"},"line":24,"name":"user could not search for the product","match":{"location":"org.example.StepDefs.Search_steps.unable_to_search()"},"keyword":"Then "}],"tags":[{"name":"@smoke"}]}],"name":"F03_Search |Logged user could search for any products","description":"","id":"f03-search-|logged-user-could-search-for-any-products","keyword":"Feature","uri":"file:src/main/resources/features/F04_Search.feature","tags":[{"name":"@smoke","type":"Tag","location":{"line":1,"column":1}}]},{"line":2,"elements":[{"start_timestamp":"2022-11-17T18:32:54.985Z","before":[{"result":{"duration":64736000000,"status":"passed"},"match":{"location":"org.example.StepDefs.Hooks.openBrowser()"}}],"line":5,"name":"First slider clickable on homepage","description":"","id":"f07-homesliders-|users-will-be-able-to-open-sliders-in-home-page;first-slider-clickable-on-homepage","after":[{"result":{"duration":5094000000,"status":"passed"},"match":{"location":"org.example.StepDefs.Hooks.closeBrowser()"}}],"type":"scenario","keyword":"Scenario","steps":[{"result":{"duration":4152000000,"status":"passed"},"line":6,"name":"user clicks on first slider","match":{"location":"org.example.StepDefs.homeSliders_steps.click_on_first_slider()"},"keyword":"When "},{"result":{"error_message":"java.lang.AssertionError: URL of First Slide expected [https://demo.nopcommerce.com/nokia-lumia-1020] but found [https://demo.nopcommerce.com/]\r\n\tat org.testng.Assert.fail(Assert.java:110)\r\n\tat org.testng.Assert.failNotEquals(Assert.java:1413)\r\n\tat org.testng.Assert.assertEqualsImpl(Assert.java:149)\r\n\tat org.testng.Assert.assertEquals(Assert.java:131)\r\n\tat org.testng.Assert.assertEquals(Assert.java:655)\r\n\tat org.example.StepDefs.homeSliders_steps.first_slide_displayed(homeSliders_steps.java:22)\r\n\tat ✽.relative product for first slider is displayed(file:///C:/Users/soma/IdeaProjects/Udacity/src/main/resources/features/F05_homeSliders.feature:7)\r\n","duration":1584000000,"status":"failed"},"line":7,"name":"relative product for first slider is displayed","match":{"location":"org.example.StepDefs.homeSliders_steps.first_slide_displayed()"},"keyword":"Then "}],"tags":[{"name":"@smoke"}]},{"start_timestamp":"2022-11-17T18:34:10.725Z","before":[{"result":{"error_message":"org.openqa.selenium.WebDriverException: unknown error: DevToolsActivePort file doesn't exist\nBuild info: version: '3.8.0', revision: '924c4067df', time: '2017-11-30T11:20:39.408Z'\nSystem info: host: 'SOMA-PC', ip: '192.168.1.6', os.name: 'Windows 10', os.arch: 'amd64', os.version: '10.0', java.version: '1.8.0_151'\nDriver info: driver.version: ChromeDriver\nremote stacktrace: Backtrace:\n\tOrdinal0 [0x0057ACD3+2075859]\n\tOrdinal0 [0x0050EE61+1633889]\n\tOrdinal0 [0x0040B7BD+571325]\n\tOrdinal0 [0x0042D414+709652]\n\tOrdinal0 [0x00429098+692376]\n\tOrdinal0 [0x00426BE9+682985]\n\tOrdinal0 [0x0045DBD3+908243]\n\tOrdinal0 [0x0045D6AA+906922]\n\tOrdinal0 [0x00457136+880950]\n\tOrdinal0 [0x0042FEFD+720637]\n\tOrdinal0 [0x00430F3F+724799]\n\tGetHandleVerifier [0x0082EED2+2769538]\n\tGetHandleVerifier [0x00820D95+2711877]\n\tGetHandleVerifier [0x0060A03A+521194]\n\tGetHandleVerifier [0x00608DA0+516432]\n\tOrdinal0 [0x0051682C+1665068]\n\tOrdinal0 [0x0051B128+1683752]\n\tOrdinal0 [0x0051B215+1683989]\n\tOrdinal0 [0x00526484+1729668]\n\tBaseThreadInitThunk [0x7555FEF9+25]\n\tRtlGetAppContainerNamedObjectPath [0x77777BBE+286]\n\tRtlGetAppContainerNamedObjectPath [0x77777B8E+238]\n\r\n\tat sun.reflect.NativeConstructorAccessorImpl.newInstance0(Native Method)\r\n\tat sun.reflect.NativeConstructorAccessorImpl.newInstance(NativeConstructorAccessorImpl.java:62)\r\n\tat sun.reflect.DelegatingConstructorAccessorImpl.newInstance(DelegatingConstructorAccessorImpl.java:45)\r\n\tat java.lang.reflect.Constructor.newInstance(Constructor.java:423)\r\n\tat org.openqa.selenium.remote.W3CHandshakeResponse.lambda$new$0(W3CHandshakeResponse.java:57)\r\n\tat org.openqa.selenium.remote.W3CHandshakeResponse.lambda$getResponseFunction$2(W3CHandshakeResponse.java:104)\r\n\tat org.openqa.selenium.remote.ProtocolHandshake.lambda$createSession$0(ProtocolHandshake.java:123)\r\n\tat java.util.stream.ReferencePipeline$3$1.accept(ReferencePipeline.java:193)\r\n\tat java.util.Spliterators$ArraySpliterator.tryAdvance(Spliterators.java:958)\r\n\tat java.util.stream.ReferencePipeline.forEachWithCancel(ReferencePipeline.java:126)\r\n\tat java.util.stream.AbstractPipeline.copyIntoWithCancel(AbstractPipeline.java:498)\r\n\tat java.util.stream.AbstractPipeline.copyInto(AbstractPipeline.java:485)\r\n\tat java.util.stream.AbstractPipeline.wrapAndCopyInto(AbstractPipeline.java:471)\r\n\tat java.util.stream.FindOps$FindOp.evaluateSequential(FindOps.java:152)\r\n\tat java.util.stream.AbstractPipeline.evaluate(AbstractPipeline.java:234)\r\n\tat java.util.stream.ReferencePipeline.findFirst(ReferencePipeline.java:464)\r\n\tat org.openqa.selenium.remote.ProtocolHandshake.createSession(ProtocolHandshake.java:126)\r\n\tat org.openqa.selenium.remote.ProtocolHandshake.createSession(ProtocolHandshake.java:73)\r\n\tat org.openqa.selenium.remote.HttpCommandExecutor.execute(HttpCommandExecutor.java:142)\r\n\tat org.openqa.selenium.remote.service.DriverCommandExecutor.execute(DriverCommandExecutor.java:83)\r\n\tat org.openqa.selenium.remote.RemoteWebDriver.execute(RemoteWebDriver.java:601)\r\n\tat org.openqa.selenium.remote.RemoteWebDriver.startSession(RemoteWebDriver.java:219)\r\n\tat org.openqa.selenium.remote.RemoteWebDriver.<init>(RemoteWebDriver.java:142)\r\n\tat org.openqa.selenium.chrome.ChromeDriver.<init>(ChromeDriver.java:181)\r\n\tat org.openqa.selenium.chrome.ChromeDriver.<init>(ChromeDriver.java:168)\r\n\tat org.openqa.selenium.chrome.ChromeDriver.<init>(ChromeDriver.java:123)\r\n\tat org.example.StepDefs.Hooks.openBrowser(Hooks.java:19)\r\n","duration":68756000000,"status":"failed"},"match":{"location":"org.example.StepDefs.Hooks.openBrowser()"}}],"line":10,"name":"Second slider clickable on homepage","description":"","id":"f07-homesliders-|users-will-be-able-to-open-sliders-in-home-page;second-slider-clickable-on-homepage","after":[{"result":{"duration":3011000000,"status":"passed"},"match":{"location":"org.example.StepDefs.Hooks.closeBrowser()"}}],"type":"scenario","keyword":"Scenario","steps":[{"result":{"duration":200000000,"status":"skipped"},"line":11,"name":"user clicks on second slider","match":{"location":"org.example.StepDefs.homeSliders_steps.click_on_second_slider()"},"keyword":"When "},{"result":{"status":"skipped"},"line":12,"name":"relative product for first slider is displayed","match":{"location":"org.example.StepDefs.homeSliders_steps.first_slide_displayed()"},"keyword":"Then "}],"tags":[{"name":"@smoke"}]}],"name":"F07_homeSliders |Users will be able to open sliders in home page","description":"","id":"f07-homesliders-|users-will-be-able-to-open-sliders-in-home-page","keyword":"Feature","uri":"file:src/main/resources/features/F05_homeSliders.feature","tags":[{"name":"@smoke","type":"Tag","location":{"line":1,"column":1}}]},{"line":3,"elements":[{"start_timestamp":"2022-11-17T18:35:23.166Z","before":[{"result":{"error_message":"org.openqa.selenium.WebDriverException: unknown error: DevToolsActivePort file doesn't exist\nBuild info: version: '3.8.0', revision: '924c4067df', time: '2017-11-30T11:20:39.408Z'\nSystem info: host: 'SOMA-PC', ip: '192.168.1.6', os.name: 'Windows 10', os.arch: 'amd64', os.version: '10.0', java.version: '1.8.0_151'\nDriver info: driver.version: ChromeDriver\nremote stacktrace: Backtrace:\n\tOrdinal0 [0x0057ACD3+2075859]\n\tOrdinal0 [0x0050EE61+1633889]\n\tOrdinal0 [0x0040B7BD+571325]\n\tOrdinal0 [0x0042D414+709652]\n\tOrdinal0 [0x00429098+692376]\n\tOrdinal0 [0x00426BE9+682985]\n\tOrdinal0 [0x0045DBD3+908243]\n\tOrdinal0 [0x0045D6AA+906922]\n\tOrdinal0 [0x00457136+880950]\n\tOrdinal0 [0x0042FEFD+720637]\n\tOrdinal0 [0x00430F3F+724799]\n\tGetHandleVerifier [0x0082EED2+2769538]\n\tGetHandleVerifier [0x00820D95+2711877]\n\tGetHandleVerifier [0x0060A03A+521194]\n\tGetHandleVerifier [0x00608DA0+516432]\n\tOrdinal0 [0x0051682C+1665068]\n\tOrdinal0 [0x0051B128+1683752]\n\tOrdinal0 [0x0051B215+1683989]\n\tOrdinal0 [0x00526484+1729668]\n\tBaseThreadInitThunk [0x7555FEF9+25]\n\tRtlGetAppContainerNamedObjectPath [0x77777BBE+286]\n\tRtlGetAppContainerNamedObjectPath [0x77777B8E+238]\n\r\n\tat sun.reflect.NativeConstructorAccessorImpl.newInstance0(Native Method)\r\n\tat sun.reflect.NativeConstructorAccessorImpl.newInstance(NativeConstructorAccessorImpl.java:62)\r\n\tat sun.reflect.DelegatingConstructorAccessorImpl.newInstance(DelegatingConstructorAccessorImpl.java:45)\r\n\tat java.lang.reflect.Constructor.newInstance(Constructor.java:423)\r\n\tat org.openqa.selenium.remote.W3CHandshakeResponse.lambda$new$0(W3CHandshakeResponse.java:57)\r\n\tat org.openqa.selenium.remote.W3CHandshakeResponse.lambda$getResponseFunction$2(W3CHandshakeResponse.java:104)\r\n\tat org.openqa.selenium.remote.ProtocolHandshake.lambda$createSession$0(ProtocolHandshake.java:123)\r\n\tat java.util.stream.ReferencePipeline$3$1.accept(ReferencePipeline.java:193)\r\n\tat java.util.Spliterators$ArraySpliterator.tryAdvance(Spliterators.java:958)\r\n\tat java.util.stream.ReferencePipeline.forEachWithCancel(ReferencePipeline.java:126)\r\n\tat java.util.stream.AbstractPipeline.copyIntoWithCancel(AbstractPipeline.java:498)\r\n\tat java.util.stream.AbstractPipeline.copyInto(AbstractPipeline.java:485)\r\n\tat java.util.stream.AbstractPipeline.wrapAndCopyInto(AbstractPipeline.java:471)\r\n\tat java.util.stream.FindOps$FindOp.evaluateSequential(FindOps.java:152)\r\n\tat java.util.stream.AbstractPipeline.evaluate(AbstractPipeline.java:234)\r\n\tat java.util.stream.ReferencePipeline.findFirst(ReferencePipeline.java:464)\r\n\tat org.openqa.selenium.remote.ProtocolHandshake.createSession(ProtocolHandshake.java:126)\r\n\tat org.openqa.selenium.remote.ProtocolHandshake.createSession(ProtocolHandshake.java:73)\r\n\tat org.openqa.selenium.remote.HttpCommandExecutor.execute(HttpCommandExecutor.java:142)\r\n\tat org.openqa.selenium.remote.service.DriverCommandExecutor.execute(DriverCommandExecutor.java:83)\r\n\tat org.openqa.selenium.remote.RemoteWebDriver.execute(RemoteWebDriver.java:601)\r\n\tat org.openqa.selenium.remote.RemoteWebDriver.startSession(RemoteWebDriver.java:219)\r\n\tat org.openqa.selenium.remote.RemoteWebDriver.<init>(RemoteWebDriver.java:142)\r\n\tat org.openqa.selenium.chrome.ChromeDriver.<init>(ChromeDriver.java:181)\r\n\tat org.openqa.selenium.chrome.ChromeDriver.<init>(ChromeDriver.java:168)\r\n\tat org.openqa.selenium.chrome.ChromeDriver.<init>(ChromeDriver.java:123)\r\n\tat org.example.StepDefs.Hooks.openBrowser(Hooks.java:19)\r\n","duration":10898370000000,"status":"failed"},"match":{"location":"org.example.StepDefs.Hooks.openBrowser()"}}],"line":6,"name":"user opens facebook link","description":"","id":"f08-followus-|--users-could-open-followus-links;user-opens-facebook-link","after":[{"result":{"duration":3013000000,"status":"passed"},"match":{"location":"org.example.StepDefs.Hooks.closeBrowser()"}}],"type":"scenario","keyword":"Scenario","steps":[{"result":{"status":"skipped"},"line":8,"name":"user opens facebook link","match":{"location":"org.example.StepDefs.FollowUs_steps.user_opens_facebook()"},"keyword":"Given "},{"result":{"status":"skipped"},"line":9,"name":"\"https://www.facebook.com/nopCommerce\" is opened in new tab","match":{"arguments":[{"val":"https://www.facebook.com/nopCommerce","offset":1}],"location":"org.example.StepDefs.FollowUs_steps.opens_new_tab(java.lang.String)"},"keyword":"Then "}],"tags":[{"name":"@smoke"}]},{"start_timestamp":"2022-11-17T21:37:05.035Z","before":[{"result":{"error_message":"org.openqa.selenium.WebDriverException: Timed out waiting for driver server to start.\nBuild info: version: '3.8.0', revision: '924c4067df', time: '2017-11-30T11:20:39.408Z'\nSystem info: host: 'SOMA-PC', ip: '192.168.1.6', os.name: 'Windows 10', os.arch: 'amd64', os.version: '10.0', java.version: '1.8.0_151'\nDriver info: driver.version: ChromeDriver\r\n\tat org.openqa.selenium.remote.service.DriverService.waitUntilAvailable(DriverService.java:192)\r\n\tat org.openqa.selenium.remote.service.DriverService.start(DriverService.java:178)\r\n\tat org.openqa.selenium.remote.service.DriverCommandExecutor.execute(DriverCommandExecutor.java:79)\r\n\tat org.openqa.selenium.remote.RemoteWebDriver.execute(RemoteWebDriver.java:601)\r\n\tat org.openqa.selenium.remote.RemoteWebDriver.startSession(RemoteWebDriver.java:219)\r\n\tat org.openqa.selenium.remote.RemoteWebDriver.<init>(RemoteWebDriver.java:142)\r\n\tat org.openqa.selenium.chrome.ChromeDriver.<init>(ChromeDriver.java:181)\r\n\tat org.openqa.selenium.chrome.ChromeDriver.<init>(ChromeDriver.java:168)\r\n\tat org.openqa.selenium.chrome.ChromeDriver.<init>(ChromeDriver.java:123)\r\n\tat org.example.StepDefs.Hooks.openBrowser(Hooks.java:19)\r\nCaused by: org.openqa.selenium.net.UrlChecker$TimeoutException: Timed out waiting for [http://localhost:41678/status] to be available after 120465732 ms\r\n\tat org.openqa.selenium.net.UrlChecker.waitUntilAvailable(UrlChecker.java:100)\r\n\tat org.openqa.selenium.remote.service.DriverService.waitUntilAvailable(DriverService.java:187)\r\n\tat org.openqa.selenium.remote.service.DriverService.start(DriverService.java:178)\r\n\tat org.openqa.selenium.remote.service.DriverCommandExecutor.execute(DriverCommandExecutor.java:79)\r\n\tat org.openqa.selenium.remote.RemoteWebDriver.execute(RemoteWebDriver.java:601)\r\n\tat org.openqa.selenium.remote.RemoteWebDriver.startSession(RemoteWebDriver.java:219)\r\n\tat org.openqa.selenium.remote.RemoteWebDriver.<init>(RemoteWebDriver.java:142)\r\n\tat org.openqa.selenium.chrome.ChromeDriver.<init>(ChromeDriver.java:181)\r\n\tat org.openqa.selenium.chrome.ChromeDriver.<init>(ChromeDriver.java:168)\r\n\tat org.openqa.selenium.chrome.ChromeDriver.<init>(ChromeDriver.java:123)\r\n\tat org.example.StepDefs.Hooks.openBrowser(Hooks.java:19)\r\n\tat sun.reflect.NativeMethodAccessorImpl.invoke0(Native Method)\r\n\tat sun.reflect.NativeMethodAccessorImpl.invoke(NativeMethodAccessorImpl.java:62)\r\n\tat sun.reflect.DelegatingMethodAccessorImpl.invoke(DelegatingMethodAccessorImpl.java:43)\r\n\tat java.lang.reflect.Method.invoke(Method.java:498)\r\n\tat io.cucumber.java.Invoker.doInvoke(Invoker.java:66)\r\n\tat io.cucumber.java.Invoker.invokeStatic(Invoker.java:80)\r\n\tat io.cucumber.java.AbstractGlueDefinition.invokeMethod(AbstractGlueDefinition.java:45)\r\n\tat io.cucumber.java.JavaHookDefinition.execute(JavaHookDefinition.java:64)\r\n\tat io.cucumber.core.runner.CoreHookDefinition.execute(CoreHookDefinition.java:46)\r\n\tat io.cucumber.core.runner.HookDefinitionMatch.runStep(HookDefinitionMatch.java:21)\r\n\tat io.cucumber.core.runner.ExecutionMode$1.execute(ExecutionMode.java:10)\r\n\tat io.cucumber.core.runner.TestStep.executeStep(TestStep.java:85)\r\n\tat io.cucumber.core.runner.TestStep.run(TestStep.java:57)\r\n\tat io.cucumber.core.runner.TestCase.run(TestCase.java:78)\r\n\tat io.cucumber.core.runner.Runner.runPickle(Runner.java:75)\r\n\tat io.cucumber.testng.TestNGCucumberRunner.lambda$runScenario$1(TestNGCucumberRunner.java:132)\r\n\tat io.cucumber.core.runtime.CucumberExecutionContext.lambda$runTestCase$5(CucumberExecutionContext.java:129)\r\n\tat io.cucumber.core.runtime.RethrowingThrowableCollector.executeAndThrow(RethrowingThrowableCollector.java:23)\r\n\tat io.cucumber.core.runtime.CucumberExecutionContext.runTestCase(CucumberExecutionContext.java:129)\r\n\tat io.cucumber.testng.TestNGCucumberRunner.runScenario(TestNGCucumberRunner.java:129)\r\n\tat io.cucumber.testng.AbstractTestNGCucumberTests.runScenario(AbstractTestNGCucumberTests.java:35)\r\n\tat sun.reflect.NativeMethodAccessorImpl.invoke0(Native Method)\r\n\tat sun.reflect.NativeMethodAccessorImpl.invoke(NativeMethodAccessorImpl.java:62)\r\n\tat sun.reflect.DelegatingMethodAccessorImpl.invoke(DelegatingMethodAccessorImpl.java:43)\r\n\tat java.lang.reflect.Method.invoke(Method.java:498)\r\n\tat org.testng.internal.invokers.MethodInvocationHelper.invokeMethod(MethodInvocationHelper.java:135)\r\n\tat org.testng.internal.invokers.TestInvoker.invokeMethod(TestInvoker.java:673)\r\n\tat org.testng.internal.invokers.TestInvoker.invokeTestMethod(TestInvoker.java:220)\r\n\tat org.testng.internal.invokers.MethodRunner.runInSequence(MethodRunner.java:50)\r\n\tat org.testng.internal.invokers.TestInvoker$MethodInvocationAgent.invoke(TestInvoker.java:945)\r\n\tat org.testng.internal.invokers.TestInvoker.invokeTestMethods(TestInvoker.java:193)\r\n\tat org.testng.internal.invokers.TestMethodWorker.invokeTestMethods(TestMethodWorker.java:146)\r\n\tat org.testng.internal.invokers.TestMethodWorker.run(TestMethodWorker.java:128)\r\n\tat java.util.ArrayList.forEach(ArrayList.java:1255)\r\n\tat org.testng.TestRunner.privateRun(TestRunner.java:808)\r\n\tat org.testng.TestRunner.run(TestRunner.java:603)\r\n\tat org.testng.SuiteRunner.runTest(SuiteRunner.java:429)\r\n\tat org.testng.SuiteRunner.runSequentially(SuiteRunner.java:423)\r\n\tat org.testng.SuiteRunner.privateRun(SuiteRunner.java:383)\r\n\tat org.testng.SuiteRunner.run(SuiteRunner.java:326)\r\n\tat org.testng.SuiteRunnerWorker.runSuite(SuiteRunnerWorker.java:52)\r\n\tat org.testng.SuiteRunnerWorker.run(SuiteRunnerWorker.java:95)\r\n\tat org.testng.TestNG.runSuitesSequentially(TestNG.java:1249)\r\n\tat org.testng.TestNG.runSuitesLocally(TestNG.java:1169)\r\n\tat org.testng.TestNG.runSuites(TestNG.java:1092)\r\n\tat org.testng.TestNG.run(TestNG.java:1060)\r\n\tat com.intellij.rt.testng.IDEARemoteTestNG.run(IDEARemoteTestNG.java:66)\r\n\tat com.intellij.rt.testng.RemoteTestNGStarter.main(RemoteTestNGStarter.java:109)\r\nCaused by: java.util.concurrent.TimeoutException\r\n\tat java.util.concurrent.FutureTask.get(FutureTask.java:205)\r\n\tat com.google.common.util.concurrent.SimpleTimeLimiter.callWithTimeout(SimpleTimeLimiter.java:147)\r\n\tat org.openqa.selenium.net.UrlChecker.waitUntilAvailable(UrlChecker.java:75)\r\n\t... 58 more\r\n","duration":120455906000000,"status":"failed"},"match":{"location":"org.example.StepDefs.Hooks.openBrowser()"}}],"line":12,"name":"user opens twitter link","description":"","id":"f08-followus-|--users-could-open-followus-links;user-opens-twitter-link","after":[{"result":{"duration":3005000000,"status":"passed"},"match":{"location":"org.example.StepDefs.Hooks.closeBrowser()"}}],"type":"scenario","keyword":"Scenario","steps":[{"result":{"status":"skipped"},"line":13,"name":"user opens twitter link","match":{"location":"org.example.StepDefs.FollowUs_steps.user_opens_twitter()"},"keyword":"When "},{"result":{"status":"skipped"},"line":14,"name":"\"https://twitter.com/nopCommerce\" is opened in new tab","match":{"arguments":[{"val":"https://twitter.com/nopCommerce","offset":1}],"location":"org.example.StepDefs.FollowUs_steps.opens_new_tab(java.lang.String)"},"keyword":"Then "}],"tags":[{"name":"@smoke"}]},{"start_timestamp":"2022-11-19T07:04:44.744Z","before":[{"result":{"error_message":"org.openqa.selenium.WebDriverException: Timed out waiting for driver server to start.\nBuild info: version: '3.8.0', revision: '924c4067df', time: '2017-11-30T11:20:39.408Z'\nSystem info: host: 'SOMA-PC', ip: '192.168.1.6', os.name: 'Windows 10', os.arch: 'amd64', os.version: '10.0', java.version: '1.8.0_151'\nDriver info: driver.version: ChromeDriver\r\n\tat org.openqa.selenium.remote.service.DriverService.waitUntilAvailable(DriverService.java:192)\r\n\tat org.openqa.selenium.remote.service.DriverService.start(DriverService.java:178)\r\n\tat org.openqa.selenium.remote.service.DriverCommandExecutor.execute(DriverCommandExecutor.java:79)\r\n\tat org.openqa.selenium.remote.RemoteWebDriver.execute(RemoteWebDriver.java:601)\r\n\tat org.openqa.selenium.remote.RemoteWebDriver.startSession(RemoteWebDriver.java:219)\r\n\tat org.openqa.selenium.remote.RemoteWebDriver.<init>(RemoteWebDriver.java:142)\r\n\tat org.openqa.selenium.chrome.ChromeDriver.<init>(ChromeDriver.java:181)\r\n\tat org.openqa.selenium.chrome.ChromeDriver.<init>(ChromeDriver.java:168)\r\n\tat org.openqa.selenium.chrome.ChromeDriver.<init>(ChromeDriver.java:123)\r\n\tat org.example.StepDefs.Hooks.openBrowser(Hooks.java:19)\r\nCaused by: org.openqa.selenium.net.UrlChecker$TimeoutException: Timed out waiting for [http://localhost:37612/status] to be available after 20012 ms\r\n\tat org.openqa.selenium.net.UrlChecker.waitUntilAvailable(UrlChecker.java:100)\r\n\tat org.openqa.selenium.remote.service.DriverService.waitUntilAvailable(DriverService.java:187)\r\n\tat org.openqa.selenium.remote.service.DriverService.start(DriverService.java:178)\r\n\tat org.openqa.selenium.remote.service.DriverCommandExecutor.execute(DriverCommandExecutor.java:79)\r\n\tat org.openqa.selenium.remote.RemoteWebDriver.execute(RemoteWebDriver.java:601)\r\n\tat org.openqa.selenium.remote.RemoteWebDriver.startSession(RemoteWebDriver.java:219)\r\n\tat org.openqa.selenium.remote.RemoteWebDriver.<init>(RemoteWebDriver.java:142)\r\n\tat org.openqa.selenium.chrome.ChromeDriver.<init>(ChromeDriver.java:181)\r\n\tat org.openqa.selenium.chrome.ChromeDriver.<init>(ChromeDriver.java:168)\r\n\tat org.openqa.selenium.chrome.ChromeDriver.<init>(ChromeDriver.java:123)\r\n\tat org.example.StepDefs.Hooks.openBrowser(Hooks.java:19)\r\n\tat sun.reflect.NativeMethodAccessorImpl.invoke0(Native Method)\r\n\tat sun.reflect.NativeMethodAccessorImpl.invoke(NativeMethodAccessorImpl.java:62)\r\n\tat sun.reflect.DelegatingMethodAccessorImpl.invoke(DelegatingMethodAccessorImpl.java:43)\r\n\tat java.lang.reflect.Method.invoke(Method.java:498)\r\n\tat io.cucumber.java.Invoker.doInvoke(Invoker.java:66)\r\n\tat io.cucumber.java.Invoker.invokeStatic(Invoker.java:80)\r\n\tat io.cucumber.java.AbstractGlueDefinition.invokeMethod(AbstractGlueDefinition.java:45)\r\n\tat io.cucumber.java.JavaHookDefinition.execute(JavaHookDefinition.java:64)\r\n\tat io.cucumber.core.runner.CoreHookDefinition.execute(CoreHookDefinition.java:46)\r\n\tat io.cucumber.core.runner.HookDefinitionMatch.runStep(HookDefinitionMatch.java:21)\r\n\tat io.cucumber.core.runner.ExecutionMode$1.execute(ExecutionMode.java:10)\r\n\tat io.cucumber.core.runner.TestStep.executeStep(TestStep.java:85)\r\n\tat io.cucumber.core.runner.TestStep.run(TestStep.java:57)\r\n\tat io.cucumber.core.runner.TestCase.run(TestCase.java:78)\r\n\tat io.cucumber.core.runner.Runner.runPickle(Runner.java:75)\r\n\tat io.cucumber.testng.TestNGCucumberRunner.lambda$runScenario$1(TestNGCucumberRunner.java:132)\r\n\tat io.cucumber.core.runtime.CucumberExecutionContext.lambda$runTestCase$5(CucumberExecutionContext.java:129)\r\n\tat io.cucumber.core.runtime.RethrowingThrowableCollector.executeAndThrow(RethrowingThrowableCollector.java:23)\r\n\tat io.cucumber.core.runtime.CucumberExecutionContext.runTestCase(CucumberExecutionContext.java:129)\r\n\tat io.cucumber.testng.TestNGCucumberRunner.runScenario(TestNGCucumberRunner.java:129)\r\n\tat io.cucumber.testng.AbstractTestNGCucumberTests.runScenario(AbstractTestNGCucumberTests.java:35)\r\n\tat sun.reflect.NativeMethodAccessorImpl.invoke0(Native Method)\r\n\tat sun.reflect.NativeMethodAccessorImpl.invoke(NativeMethodAccessorImpl.java:62)\r\n\tat sun.reflect.DelegatingMethodAccessorImpl.invoke(DelegatingMethodAccessorImpl.java:43)\r\n\tat java.lang.reflect.Method.invoke(Method.java:498)\r\n\tat org.testng.internal.invokers.MethodInvocationHelper.invokeMethod(MethodInvocationHelper.java:135)\r\n\tat org.testng.internal.invokers.TestInvoker.invokeMethod(TestInvoker.java:673)\r\n\tat org.testng.internal.invokers.TestInvoker.invokeTestMethod(TestInvoker.java:220)\r\n\tat org.testng.internal.invokers.MethodRunner.runInSequence(MethodRunner.java:50)\r\n\tat org.testng.internal.invokers.TestInvoker$MethodInvocationAgent.invoke(TestInvoker.java:945)\r\n\tat org.testng.internal.invokers.TestInvoker.invokeTestMethods(TestInvoker.java:193)\r\n\tat org.testng.internal.invokers.TestMethodWorker.invokeTestMethods(TestMethodWorker.java:146)\r\n\tat org.testng.internal.invokers.TestMethodWorker.run(TestMethodWorker.java:128)\r\n\tat java.util.ArrayList.forEach(ArrayList.java:1255)\r\n\tat org.testng.TestRunner.privateRun(TestRunner.java:808)\r\n\tat org.testng.TestRunner.run(TestRunner.java:603)\r\n\tat org.testng.SuiteRunner.runTest(SuiteRunner.java:429)\r\n\tat org.testng.SuiteRunner.runSequentially(SuiteRunner.java:423)\r\n\tat org.testng.SuiteRunner.privateRun(SuiteRunner.java:383)\r\n\tat org.testng.SuiteRunner.run(SuiteRunner.java:326)\r\n\tat org.testng.SuiteRunnerWorker.runSuite(SuiteRunnerWorker.java:52)\r\n\tat org.testng.SuiteRunnerWorker.run(SuiteRunnerWorker.java:95)\r\n\tat org.testng.TestNG.runSuitesSequentially(TestNG.java:1249)\r\n\tat org.testng.TestNG.runSuitesLocally(TestNG.java:1169)\r\n\tat org.testng.TestNG.runSuites(TestNG.java:1092)\r\n\tat org.testng.TestNG.run(TestNG.java:1060)\r\n\tat com.intellij.rt.testng.IDEARemoteTestNG.run(IDEARemoteTestNG.java:66)\r\n\tat com.intellij.rt.testng.RemoteTestNGStarter.main(RemoteTestNGStarter.java:109)\r\nCaused by: java.util.concurrent.TimeoutException\r\n\tat java.util.concurrent.FutureTask.get(FutureTask.java:205)\r\n\tat com.google.common.util.concurrent.SimpleTimeLimiter.callWithTimeout(SimpleTimeLimiter.java:147)\r\n\tat org.openqa.selenium.net.UrlChecker.waitUntilAvailable(UrlChecker.java:75)\r\n\t... 58 more\r\n","duration":20723000000,"status":"failed"},"match":{"location":"org.example.StepDefs.Hooks.openBrowser()"}}],"line":17,"name":"user opens rss link","description":"","id":"f08-followus-|--users-could-open-followus-links;user-opens-rss-link","after":[{"result":{"duration":3020000000,"status":"passed"},"match":{"location":"org.example.StepDefs.Hooks.closeBrowser()"}}],"type":"scenario","keyword":"Scenario","steps":[{"result":{"duration":1000000,"status":"skipped"},"line":18,"name":"user opens rss link","match":{"location":"org.example.StepDefs.FollowUs_steps.user_opens_rss()"},"keyword":"When "},{"result":{"status":"skipped"},"line":19,"name":"\"https://demo.nopcommerce.com/new-online-store-is-open\" is opened in new tab","match":{"arguments":[{"val":"https://demo.nopcommerce.com/new-online-store-is-open","offset":1}],"location":"org.example.StepDefs.FollowUs_steps.opens_new_tab(java.lang.String)"},"keyword":"Then "}],"tags":[{"name":"@smoke"}]},{"start_timestamp":"2022-11-19T07:05:08.989Z","before":[{"result":{"error_message":"org.openqa.selenium.WebDriverException: Timed out waiting for driver server to start.\nBuild info: version: '3.8.0', revision: '924c4067df', time: '2017-11-30T11:20:39.408Z'\nSystem info: host: 'SOMA-PC', ip: '192.168.1.6', os.name: 'Windows 10', os.arch: 'amd64', os.version: '10.0', java.version: '1.8.0_151'\nDriver info: driver.version: ChromeDriver\r\n\tat org.openqa.selenium.remote.service.DriverService.waitUntilAvailable(DriverService.java:192)\r\n\tat org.openqa.selenium.remote.service.DriverService.start(DriverService.java:178)\r\n\tat org.openqa.selenium.remote.service.DriverCommandExecutor.execute(DriverCommandExecutor.java:79)\r\n\tat org.openqa.selenium.remote.RemoteWebDriver.execute(RemoteWebDriver.java:601)\r\n\tat org.openqa.selenium.remote.RemoteWebDriver.startSession(RemoteWebDriver.java:219)\r\n\tat org.openqa.selenium.remote.RemoteWebDriver.<init>(RemoteWebDriver.java:142)\r\n\tat org.openqa.selenium.chrome.ChromeDriver.<init>(ChromeDriver.java:181)\r\n\tat org.openqa.selenium.chrome.ChromeDriver.<init>(ChromeDriver.java:168)\r\n\tat org.openqa.selenium.chrome.ChromeDriver.<init>(ChromeDriver.java:123)\r\n\tat org.example.StepDefs.Hooks.openBrowser(Hooks.java:19)\r\nCaused by: org.openqa.selenium.net.UrlChecker$TimeoutException: Timed out waiting for [http://localhost:26143/status] to be available after 20012 ms\r\n\tat org.openqa.selenium.net.UrlChecker.waitUntilAvailable(UrlChecker.java:100)\r\n\tat org.openqa.selenium.remote.service.DriverService.waitUntilAvailable(DriverService.java:187)\r\n\tat org.openqa.selenium.remote.service.DriverService.start(DriverService.java:178)\r\n\tat org.openqa.selenium.remote.service.DriverCommandExecutor.execute(DriverCommandExecutor.java:79)\r\n\tat org.openqa.selenium.remote.RemoteWebDriver.execute(RemoteWebDriver.java:601)\r\n\tat org.openqa.selenium.remote.RemoteWebDriver.startSession(RemoteWebDriver.java:219)\r\n\tat org.openqa.selenium.remote.RemoteWebDriver.<init>(RemoteWebDriver.java:142)\r\n\tat org.openqa.selenium.chrome.ChromeDriver.<init>(ChromeDriver.java:181)\r\n\tat org.openqa.selenium.chrome.ChromeDriver.<init>(ChromeDriver.java:168)\r\n\tat org.openqa.selenium.chrome.ChromeDriver.<init>(ChromeDriver.java:123)\r\n\tat org.example.StepDefs.Hooks.openBrowser(Hooks.java:19)\r\n\tat sun.reflect.NativeMethodAccessorImpl.invoke0(Native Method)\r\n\tat sun.reflect.NativeMethodAccessorImpl.invoke(NativeMethodAccessorImpl.java:62)\r\n\tat sun.reflect.DelegatingMethodAccessorImpl.invoke(DelegatingMethodAccessorImpl.java:43)\r\n\tat java.lang.reflect.Method.invoke(Method.java:498)\r\n\tat io.cucumber.java.Invoker.doInvoke(Invoker.java:66)\r\n\tat io.cucumber.java.Invoker.invokeStatic(Invoker.java:80)\r\n\tat io.cucumber.java.AbstractGlueDefinition.invokeMethod(AbstractGlueDefinition.java:45)\r\n\tat io.cucumber.java.JavaHookDefinition.execute(JavaHookDefinition.java:64)\r\n\tat io.cucumber.core.runner.CoreHookDefinition.execute(CoreHookDefinition.java:46)\r\n\tat io.cucumber.core.runner.HookDefinitionMatch.runStep(HookDefinitionMatch.java:21)\r\n\tat io.cucumber.core.runner.ExecutionMode$1.execute(ExecutionMode.java:10)\r\n\tat io.cucumber.core.runner.TestStep.executeStep(TestStep.java:85)\r\n\tat io.cucumber.core.runner.TestStep.run(TestStep.java:57)\r\n\tat io.cucumber.core.runner.TestCase.run(TestCase.java:78)\r\n\tat io.cucumber.core.runner.Runner.runPickle(Runner.java:75)\r\n\tat io.cucumber.testng.TestNGCucumberRunner.lambda$runScenario$1(TestNGCucumberRunner.java:132)\r\n\tat io.cucumber.core.runtime.CucumberExecutionContext.lambda$runTestCase$5(CucumberExecutionContext.java:129)\r\n\tat io.cucumber.core.runtime.RethrowingThrowableCollector.executeAndThrow(RethrowingThrowableCollector.java:23)\r\n\tat io.cucumber.core.runtime.CucumberExecutionContext.runTestCase(CucumberExecutionContext.java:129)\r\n\tat io.cucumber.testng.TestNGCucumberRunner.runScenario(TestNGCucumberRunner.java:129)\r\n\tat io.cucumber.testng.AbstractTestNGCucumberTests.runScenario(AbstractTestNGCucumberTests.java:35)\r\n\tat sun.reflect.NativeMethodAccessorImpl.invoke0(Native Method)\r\n\tat sun.reflect.NativeMethodAccessorImpl.invoke(NativeMethodAccessorImpl.java:62)\r\n\tat sun.reflect.DelegatingMethodAccessorImpl.invoke(DelegatingMethodAccessorImpl.java:43)\r\n\tat java.lang.reflect.Method.invoke(Method.java:498)\r\n\tat org.testng.internal.invokers.MethodInvocationHelper.invokeMethod(MethodInvocationHelper.java:135)\r\n\tat org.testng.internal.invokers.TestInvoker.invokeMethod(TestInvoker.java:673)\r\n\tat org.testng.internal.invokers.TestInvoker.invokeTestMethod(TestInvoker.java:220)\r\n\tat org.testng.internal.invokers.MethodRunner.runInSequence(MethodRunner.java:50)\r\n\tat org.testng.internal.invokers.TestInvoker$MethodInvocationAgent.invoke(TestInvoker.java:945)\r\n\tat org.testng.internal.invokers.TestInvoker.invokeTestMethods(TestInvoker.java:193)\r\n\tat org.testng.internal.invokers.TestMethodWorker.invokeTestMethods(TestMethodWorker.java:146)\r\n\tat org.testng.internal.invokers.TestMethodWorker.run(TestMethodWorker.java:128)\r\n\tat java.util.ArrayList.forEach(ArrayList.java:1255)\r\n\tat org.testng.TestRunner.privateRun(TestRunner.java:808)\r\n\tat org.testng.TestRunner.run(TestRunner.java:603)\r\n\tat org.testng.SuiteRunner.runTest(SuiteRunner.java:429)\r\n\tat org.testng.SuiteRunner.runSequentially(SuiteRunner.java:423)\r\n\tat org.testng.SuiteRunner.privateRun(SuiteRunner.java:383)\r\n\tat org.testng.SuiteRunner.run(SuiteRunner.java:326)\r\n\tat org.testng.SuiteRunnerWorker.runSuite(SuiteRunnerWorker.java:52)\r\n\tat org.testng.SuiteRunnerWorker.run(SuiteRunnerWorker.java:95)\r\n\tat org.testng.TestNG.runSuitesSequentially(TestNG.java:1249)\r\n\tat org.testng.TestNG.runSuitesLocally(TestNG.java:1169)\r\n\tat org.testng.TestNG.runSuites(TestNG.java:1092)\r\n\tat org.testng.TestNG.run(TestNG.java:1060)\r\n\tat com.intellij.rt.testng.IDEARemoteTestNG.run(IDEARemoteTestNG.java:66)\r\n\tat com.intellij.rt.testng.RemoteTestNGStarter.main(RemoteTestNGStarter.java:109)\r\nCaused by: java.util.concurrent.TimeoutException\r\n\tat java.util.concurrent.FutureTask.get(FutureTask.java:205)\r\n\tat com.google.common.util.concurrent.SimpleTimeLimiter.callWithTimeout(SimpleTimeLimiter.java:147)\r\n\tat org.openqa.selenium.net.UrlChecker.waitUntilAvailable(UrlChecker.java:75)\r\n\t... 58 more\r\n","duration":24369000000,"status":"failed"},"match":{"location":"org.example.StepDefs.Hooks.openBrowser()"}}],"line":22,"name":"user opens youtube link","description":"","id":"f08-followus-|--users-could-open-followus-links;user-opens-youtube-link","after":[{"result":{"duration":3005000000,"status":"passed"},"match":{"location":"org.example.StepDefs.Hooks.closeBrowser()"}}],"type":"scenario","keyword":"Scenario","steps":[{"result":{"status":"skipped"},"line":23,"name":"user opens youtube link","match":{"location":"org.example.StepDefs.FollowUs_steps.user_opens_youtube()"},"keyword":"When "},{"result":{"status":"skipped"},"line":24,"name":"\"https://www.youtube.com/user/nopCommerce\" is opened in new tab","match":{"arguments":[{"val":"https://www.youtube.com/user/nopCommerce","offset":1}],"location":"org.example.StepDefs.FollowUs_steps.opens_new_tab(java.lang.String)"},"keyword":"Then "}],"tags":[{"name":"@smoke"}]}],"name":"F08_FollowUs |  users could open followUs links","description":"","id":"f08-followus-|--users-could-open-followus-links","keyword":"Feature","uri":"file:src/main/resources/features/F06_FollowUs.feature","tags":[{"name":"@smoke","type":"Tag","location":{"line":1,"column":1}}]},{"line":3,"elements":[{"line":5,"name":"","description":"","type":"background","keyword":"Background","steps":[{"result":{"status":"skipped"},"line":6,"name":"user navigate to login page","match":{"location":"org.example.StepDefs.Login_steps.user_navigate_to_login_page()"},"keyword":"When "},{"result":{"duration":313000000,"status":"skipped"},"line":7,"name":"user enter \"Hadeermoaaz6@gmial.com\" and \"Vois@202020\"","match":{"arguments":[{"val":"Hadeermoaaz6@gmial.com","offset":12},{"val":"Vois@202020","offset":41}],"location":"org.example.StepDefs.Login_steps.vaild_data(java.lang.String,java.lang.String)"},"keyword":"And "},{"result":{"status":"skipped"},"line":8,"name":"user click on login button","match":{"location":"org.example.StepDefs.Login_steps.click_button()"},"keyword":"Then "},{"result":{"status":"skipped"},"line":9,"name":"user could login successfully and go to home page","match":{"location":"org.example.StepDefs.Login_steps.login_successfully()"},"keyword":"And "}]},{"start_timestamp":"2022-11-19T07:05:36.922Z","before":[{"result":{"error_message":"org.openqa.selenium.WebDriverException: unknown error: DevToolsActivePort file doesn't exist\nBuild info: version: '3.8.0', revision: '924c4067df', time: '2017-11-30T11:20:39.408Z'\nSystem info: host: 'SOMA-PC', ip: '192.168.1.6', os.name: 'Windows 10', os.arch: 'amd64', os.version: '10.0', java.version: '1.8.0_151'\nDriver info: driver.version: ChromeDriver\nremote stacktrace: Backtrace:\n\tOrdinal0 [0x0057ACD3+2075859]\n\tOrdinal0 [0x0050EE61+1633889]\n\tOrdinal0 [0x0040B7BD+571325]\n\tOrdinal0 [0x0042D414+709652]\n\tOrdinal0 [0x00429098+692376]\n\tOrdinal0 [0x00426BE9+682985]\n\tOrdinal0 [0x0045DBD3+908243]\n\tOrdinal0 [0x0045D6AA+906922]\n\tOrdinal0 [0x00457136+880950]\n\tOrdinal0 [0x0042FEFD+720637]\n\tOrdinal0 [0x00430F3F+724799]\n\tGetHandleVerifier [0x0082EED2+2769538]\n\tGetHandleVerifier [0x00820D95+2711877]\n\tGetHandleVerifier [0x0060A03A+521194]\n\tGetHandleVerifier [0x00608DA0+516432]\n\tOrdinal0 [0x0051682C+1665068]\n\tOrdinal0 [0x0051B128+1683752]\n\tOrdinal0 [0x0051B215+1683989]\n\tOrdinal0 [0x00526484+1729668]\n\tBaseThreadInitThunk [0x7555FEF9+25]\n\tRtlGetAppContainerNamedObjectPath [0x77777BBE+286]\n\tRtlGetAppContainerNamedObjectPath [0x77777B8E+238]\n\r\n\tat sun.reflect.NativeConstructorAccessorImpl.newInstance0(Native Method)\r\n\tat sun.reflect.NativeConstructorAccessorImpl.newInstance(NativeConstructorAccessorImpl.java:62)\r\n\tat sun.reflect.DelegatingConstructorAccessorImpl.newInstance(DelegatingConstructorAccessorImpl.java:45)\r\n\tat java.lang.reflect.Constructor.newInstance(Constructor.java:423)\r\n\tat org.openqa.selenium.remote.W3CHandshakeResponse.lambda$new$0(W3CHandshakeResponse.java:57)\r\n\tat org.openqa.selenium.remote.W3CHandshakeResponse.lambda$getResponseFunction$2(W3CHandshakeResponse.java:104)\r\n\tat org.openqa.selenium.remote.ProtocolHandshake.lambda$createSession$0(ProtocolHandshake.java:123)\r\n\tat java.util.stream.ReferencePipeline$3$1.accept(ReferencePipeline.java:193)\r\n\tat java.util.Spliterators$ArraySpliterator.tryAdvance(Spliterators.java:958)\r\n\tat java.util.stream.ReferencePipeline.forEachWithCancel(ReferencePipeline.java:126)\r\n\tat java.util.stream.AbstractPipeline.copyIntoWithCancel(AbstractPipeline.java:498)\r\n\tat java.util.stream.AbstractPipeline.copyInto(AbstractPipeline.java:485)\r\n\tat java.util.stream.AbstractPipeline.wrapAndCopyInto(AbstractPipeline.java:471)\r\n\tat java.util.stream.FindOps$FindOp.evaluateSequential(FindOps.java:152)\r\n\tat java.util.stream.AbstractPipeline.evaluate(AbstractPipeline.java:234)\r\n\tat java.util.stream.ReferencePipeline.findFirst(ReferencePipeline.java:464)\r\n\tat org.openqa.selenium.remote.ProtocolHandshake.createSession(ProtocolHandshake.java:126)\r\n\tat org.openqa.selenium.remote.ProtocolHandshake.createSession(ProtocolHandshake.java:73)\r\n\tat org.openqa.selenium.remote.HttpCommandExecutor.execute(HttpCommandExecutor.java:142)\r\n\tat org.openqa.selenium.remote.service.DriverCommandExecutor.execute(DriverCommandExecutor.java:83)\r\n\tat org.openqa.selenium.remote.RemoteWebDriver.execute(RemoteWebDriver.java:601)\r\n\tat org.openqa.selenium.remote.RemoteWebDriver.startSession(RemoteWebDriver.java:219)\r\n\tat org.openqa.selenium.remote.RemoteWebDriver.<init>(RemoteWebDriver.java:142)\r\n\tat org.openqa.selenium.chrome.ChromeDriver.<init>(ChromeDriver.java:181)\r\n\tat org.openqa.selenium.chrome.ChromeDriver.<init>(ChromeDriver.java:168)\r\n\tat org.openqa.selenium.chrome.ChromeDriver.<init>(ChromeDriver.java:123)\r\n\tat org.example.StepDefs.Hooks.openBrowser(Hooks.java:19)\r\n","duration":73047000000,"status":"failed"},"match":{"location":"org.example.StepDefs.Hooks.openBrowser()"}}],"line":11,"name":"success message is visible after adding item to wishlist","description":"","id":"f05-followus-|user-could-add-products-to-wishlist;success-message-is-visible-after-adding-item-to-wishlist","after":[{"result":{"duration":3009000000,"status":"passed"},"match":{"location":"org.example.StepDefs.Hooks.closeBrowser()"}}],"type":"scenario","keyword":"Scenario","steps":[{"result":{"status":"skipped"},"line":12,"name":"user add item to wishlist","match":{"location":"org.example.StepDefs.Wishlist_steps.user_add_item_to_wishlist()"},"keyword":"When "},{"result":{"status":"skipped"},"line":13,"name":"wishlist success operation massage is visible","match":{"location":"org.example.StepDefs.Wishlist_steps.success_notification()"},"keyword":"Then "}],"tags":[{"name":"@smoke"}]},{"line":5,"name":"","description":"","type":"background","keyword":"Background","steps":[{"result":{"status":"skipped"},"line":6,"name":"user navigate to login page","match":{"location":"org.example.StepDefs.Login_steps.user_navigate_to_login_page()"},"keyword":"When "},{"result":{"status":"skipped"},"line":7,"name":"user enter \"Hadeermoaaz6@gmial.com\" and \"Vois@202020\"","match":{"arguments":[{"val":"Hadeermoaaz6@gmial.com","offset":12},{"val":"Vois@202020","offset":41}],"location":"org.example.StepDefs.Login_steps.vaild_data(java.lang.String,java.lang.String)"},"keyword":"And "},{"result":{"duration":1000000,"status":"skipped"},"line":8,"name":"user click on login button","match":{"location":"org.example.StepDefs.Login_steps.click_button()"},"keyword":"Then "},{"result":{"status":"skipped"},"line":9,"name":"user could login successfully and go to home page","match":{"location":"org.example.StepDefs.Login_steps.login_successfully()"},"keyword":"And "}]},{"start_timestamp":"2022-11-19T07:06:54.731Z","before":[{"result":{"error_message":"org.openqa.selenium.WebDriverException: unknown error: DevToolsActivePort file doesn't exist\nBuild info: version: '3.8.0', revision: '924c4067df', time: '2017-11-30T11:20:39.408Z'\nSystem info: host: 'SOMA-PC', ip: '192.168.1.6', os.name: 'Windows 10', os.arch: 'amd64', os.version: '10.0', java.version: '1.8.0_151'\nDriver info: driver.version: ChromeDriver\nremote stacktrace: Backtrace:\n\tOrdinal0 [0x0057ACD3+2075859]\n\tOrdinal0 [0x0050EE61+1633889]\n\tOrdinal0 [0x0040B7BD+571325]\n\tOrdinal0 [0x0042D414+709652]\n\tOrdinal0 [0x00429098+692376]\n\tOrdinal0 [0x00426BE9+682985]\n\tOrdinal0 [0x0045DBD3+908243]\n\tOrdinal0 [0x0045D6AA+906922]\n\tOrdinal0 [0x00457136+880950]\n\tOrdinal0 [0x0042FEFD+720637]\n\tOrdinal0 [0x00430F3F+724799]\n\tGetHandleVerifier [0x0082EED2+2769538]\n\tGetHandleVerifier [0x00820D95+2711877]\n\tGetHandleVerifier [0x0060A03A+521194]\n\tGetHandleVerifier [0x00608DA0+516432]\n\tOrdinal0 [0x0051682C+1665068]\n\tOrdinal0 [0x0051B128+1683752]\n\tOrdinal0 [0x0051B215+1683989]\n\tOrdinal0 [0x00526484+1729668]\n\tBaseThreadInitThunk [0x7555FEF9+25]\n\tRtlGetAppContainerNamedObjectPath [0x77777BBE+286]\n\tRtlGetAppContainerNamedObjectPath [0x77777B8E+238]\n\r\n\tat sun.reflect.NativeConstructorAccessorImpl.newInstance0(Native Method)\r\n\tat sun.reflect.NativeConstructorAccessorImpl.newInstance(NativeConstructorAccessorImpl.java:62)\r\n\tat sun.reflect.DelegatingConstructorAccessorImpl.newInstance(DelegatingConstructorAccessorImpl.java:45)\r\n\tat java.lang.reflect.Constructor.newInstance(Constructor.java:423)\r\n\tat org.openqa.selenium.remote.W3CHandshakeResponse.lambda$new$0(W3CHandshakeResponse.java:57)\r\n\tat org.openqa.selenium.remote.W3CHandshakeResponse.lambda$getResponseFunction$2(W3CHandshakeResponse.java:104)\r\n\tat org.openqa.selenium.remote.ProtocolHandshake.lambda$createSession$0(ProtocolHandshake.java:123)\r\n\tat java.util.stream.ReferencePipeline$3$1.accept(ReferencePipeline.java:193)\r\n\tat java.util.Spliterators$ArraySpliterator.tryAdvance(Spliterators.java:958)\r\n\tat java.util.stream.ReferencePipeline.forEachWithCancel(ReferencePipeline.java:126)\r\n\tat java.util.stream.AbstractPipeline.copyIntoWithCancel(AbstractPipeline.java:498)\r\n\tat java.util.stream.AbstractPipeline.copyInto(AbstractPipeline.java:485)\r\n\tat java.util.stream.AbstractPipeline.wrapAndCopyInto(AbstractPipeline.java:471)\r\n\tat java.util.stream.FindOps$FindOp.evaluateSequential(FindOps.java:152)\r\n\tat java.util.stream.AbstractPipeline.evaluate(AbstractPipeline.java:234)\r\n\tat java.util.stream.ReferencePipeline.findFirst(ReferencePipeline.java:464)\r\n\tat org.openqa.selenium.remote.ProtocolHandshake.createSession(ProtocolHandshake.java:126)\r\n\tat org.openqa.selenium.remote.ProtocolHandshake.createSession(ProtocolHandshake.java:73)\r\n\tat org.openqa.selenium.remote.HttpCommandExecutor.execute(HttpCommandExecutor.java:142)\r\n\tat org.openqa.selenium.remote.service.DriverCommandExecutor.execute(DriverCommandExecutor.java:83)\r\n\tat org.openqa.selenium.remote.RemoteWebDriver.execute(RemoteWebDriver.java:601)\r\n\tat org.openqa.selenium.remote.RemoteWebDriver.startSession(RemoteWebDriver.java:219)\r\n\tat org.openqa.selenium.remote.RemoteWebDriver.<init>(RemoteWebDriver.java:142)\r\n\tat org.openqa.selenium.chrome.ChromeDriver.<init>(ChromeDriver.java:181)\r\n\tat org.openqa.selenium.chrome.ChromeDriver.<init>(ChromeDriver.java:168)\r\n\tat org.openqa.selenium.chrome.ChromeDriver.<init>(ChromeDriver.java:123)\r\n\tat org.example.StepDefs.Hooks.openBrowser(Hooks.java:19)\r\n","duration":140761000000,"status":"failed"},"match":{"location":"org.example.StepDefs.Hooks.openBrowser()"}}],"line":16,"name":"number of wishlist items in home page is increased","description":"","id":"f05-followus-|user-could-add-products-to-wishlist;number-of-wishlist-items-in-home-page-is-increased","after":[{"result":{"duration":3009000000,"status":"passed"},"match":{"location":"org.example.StepDefs.Hooks.closeBrowser()"}}],"type":"scenario","keyword":"Scenario","steps":[{"result":{"status":"skipped"},"line":17,"name":"user add item to wishlist","match":{"location":"org.example.StepDefs.Wishlist_steps.user_add_item_to_wishlist()"},"keyword":"When "},{"result":{"status":"skipped"},"line":18,"name":"wishlist success operation massage is visible","match":{"location":"org.example.StepDefs.Wishlist_steps.success_notification()"},"keyword":"Then "},{"result":{"status":"skipped"},"line":19,"name":"user can get the number of wishlist items added","match":{"location":"org.example.StepDefs.Wishlist_steps.items_increased()"},"keyword":"And "},{"result":{"status":"skipped"},"line":20,"name":"the number of wishlist increased","match":{"location":"org.example.StepDefs.Wishlist_steps.number_of_items_of_wishlist()"},"keyword":"Then "}],"tags":[{"name":"@smoke"}]},{"line":5,"name":"","description":"","type":"background","keyword":"Background","steps":[{"result":{"status":"skipped"},"line":6,"name":"user navigate to login page","match":{"location":"org.example.StepDefs.Login_steps.user_navigate_to_login_page()"},"keyword":"When "},{"result":{"status":"skipped"},"line":7,"name":"user enter \"Hadeermoaaz6@gmial.com\" and \"Vois@202020\"","match":{"arguments":[{"val":"Hadeermoaaz6@gmial.com","offset":12},{"val":"Vois@202020","offset":41}],"location":"org.example.StepDefs.Login_steps.vaild_data(java.lang.String,java.lang.String)"},"keyword":"And "},{"result":{"status":"skipped"},"line":8,"name":"user click on login button","match":{"location":"org.example.StepDefs.Login_steps.click_button()"},"keyword":"Then "},{"result":{"status":"skipped"},"line":9,"name":"user could login successfully and go to home page","match":{"location":"org.example.StepDefs.Login_steps.login_successfully()"},"keyword":"And "}]},{"start_timestamp":"2022-11-19T07:09:21.049Z","before":[{"result":{"error_message":"org.openqa.selenium.WebDriverException: unknown error: DevToolsActivePort file doesn't exist\nBuild info: version: '3.8.0', revision: '924c4067df', time: '2017-11-30T11:20:39.408Z'\nSystem info: host: 'SOMA-PC', ip: '192.168.1.6', os.name: 'Windows 10', os.arch: 'amd64', os.version: '10.0', java.version: '1.8.0_151'\nDriver info: driver.version: ChromeDriver\nremote stacktrace: Backtrace:\n\tOrdinal0 [0x0057ACD3+2075859]\n\tOrdinal0 [0x0050EE61+1633889]\n\tOrdinal0 [0x0040B7BD+571325]\n\tOrdinal0 [0x0042D414+709652]\n\tOrdinal0 [0x00429098+692376]\n\tOrdinal0 [0x00426BE9+682985]\n\tOrdinal0 [0x0045DBD3+908243]\n\tOrdinal0 [0x0045D6AA+906922]\n\tOrdinal0 [0x00457136+880950]\n\tOrdinal0 [0x0042FEFD+720637]\n\tOrdinal0 [0x00430F3F+724799]\n\tGetHandleVerifier [0x0082EED2+2769538]\n\tGetHandleVerifier [0x00820D95+2711877]\n\tGetHandleVerifier [0x0060A03A+521194]\n\tGetHandleVerifier [0x00608DA0+516432]\n\tOrdinal0 [0x0051682C+1665068]\n\tOrdinal0 [0x0051B128+1683752]\n\tOrdinal0 [0x0051B215+1683989]\n\tOrdinal0 [0x00526484+1729668]\n\tBaseThreadInitThunk [0x7555FEF9+25]\n\tRtlGetAppContainerNamedObjectPath [0x77777BBE+286]\n\tRtlGetAppContainerNamedObjectPath [0x77777B8E+238]\n\r\n\tat sun.reflect.NativeConstructorAccessorImpl.newInstance0(Native Method)\r\n\tat sun.reflect.NativeConstructorAccessorImpl.newInstance(NativeConstructorAccessorImpl.java:62)\r\n\tat sun.reflect.DelegatingConstructorAccessorImpl.newInstance(DelegatingConstructorAccessorImpl.java:45)\r\n\tat java.lang.reflect.Constructor.newInstance(Constructor.java:423)\r\n\tat org.openqa.selenium.remote.W3CHandshakeResponse.lambda$new$0(W3CHandshakeResponse.java:57)\r\n\tat org.openqa.selenium.remote.W3CHandshakeResponse.lambda$getResponseFunction$2(W3CHandshakeResponse.java:104)\r\n\tat org.openqa.selenium.remote.ProtocolHandshake.lambda$createSession$0(ProtocolHandshake.java:123)\r\n\tat java.util.stream.ReferencePipeline$3$1.accept(ReferencePipeline.java:193)\r\n\tat java.util.Spliterators$ArraySpliterator.tryAdvance(Spliterators.java:958)\r\n\tat java.util.stream.ReferencePipeline.forEachWithCancel(ReferencePipeline.java:126)\r\n\tat java.util.stream.AbstractPipeline.copyIntoWithCancel(AbstractPipeline.java:498)\r\n\tat java.util.stream.AbstractPipeline.copyInto(AbstractPipeline.java:485)\r\n\tat java.util.stream.AbstractPipeline.wrapAndCopyInto(AbstractPipeline.java:471)\r\n\tat java.util.stream.FindOps$FindOp.evaluateSequential(FindOps.java:152)\r\n\tat java.util.stream.AbstractPipeline.evaluate(AbstractPipeline.java:234)\r\n\tat java.util.stream.ReferencePipeline.findFirst(ReferencePipeline.java:464)\r\n\tat org.openqa.selenium.remote.ProtocolHandshake.createSession(ProtocolHandshake.java:126)\r\n\tat org.openqa.selenium.remote.ProtocolHandshake.createSession(ProtocolHandshake.java:73)\r\n\tat org.openqa.selenium.remote.HttpCommandExecutor.execute(HttpCommandExecutor.java:142)\r\n\tat org.openqa.selenium.remote.service.DriverCommandExecutor.execute(DriverCommandExecutor.java:83)\r\n\tat org.openqa.selenium.remote.RemoteWebDriver.execute(RemoteWebDriver.java:601)\r\n\tat org.openqa.selenium.remote.RemoteWebDriver.startSession(RemoteWebDriver.java:219)\r\n\tat org.openqa.selenium.remote.RemoteWebDriver.<init>(RemoteWebDriver.java:142)\r\n\tat org.openqa.selenium.chrome.ChromeDriver.<init>(ChromeDriver.java:181)\r\n\tat org.openqa.selenium.chrome.ChromeDriver.<init>(ChromeDriver.java:168)\r\n\tat org.openqa.selenium.chrome.ChromeDriver.<init>(ChromeDriver.java:123)\r\n\tat org.example.StepDefs.Hooks.openBrowser(Hooks.java:19)\r\n","duration":77668000000,"status":"failed"},"match":{"location":"org.example.StepDefs.Hooks.openBrowser()"}}],"line":23,"name":"added items are displayed on wishlist","description":"","id":"f05-followus-|user-could-add-products-to-wishlist;added-items-are-displayed-on-wishlist","after":[{"result":{"duration":3016000000,"status":"passed"},"match":{"location":"org.example.StepDefs.Hooks.closeBrowser()"}}],"type":"scenario","keyword":"Scenario","steps":[{"result":{"status":"skipped"},"line":24,"name":"user add item to wishlist","match":{"location":"org.example.StepDefs.Wishlist_steps.user_add_item_to_wishlist()"},"keyword":"When "},{"result":{"status":"skipped"},"line":25,"name":"wishlist success operation massage is visible","match":{"location":"org.example.StepDefs.Wishlist_steps.success_notification()"},"keyword":"Then "},{"result":{"status":"skipped"},"line":26,"name":"user can get the number of wishlist items added","match":{"location":"org.example.StepDefs.Wishlist_steps.items_increased()"},"keyword":"And "},{"result":{"status":"skipped"},"line":27,"name":"user can go to wishlist page","match":{"location":"org.example.StepDefs.Wishlist_steps.user_go_to_wishlist()"},"keyword":"And "},{"result":{"status":"skipped"},"line":28,"name":"the number of items greater than zero in wishlist page","match":{"location":"org.example.StepDefs.Wishlist_steps.wishlist_Page_Assertion()"},"keyword":"Then "}],"tags":[{"name":"@smoke"}]}],"name":"F05_FollowUs |User could add products to wishlist","description":"","id":"f05-followus-|user-could-add-products-to-wishlist","keyword":"Feature","uri":"file:src/main/resources/features/F07_Wishlist.feature","tags":[{"name":"@smoke","type":"Tag","location":{"line":1,"column":1}}]},{"line":2,"elements":[{"start_timestamp":"2022-11-19T07:10:42.408Z","before":[{"result":{"error_message":"org.openqa.selenium.WebDriverException: Timed out waiting for driver server to start.\nBuild info: version: '3.8.0', revision: '924c4067df', time: '2017-11-30T11:20:39.408Z'\nSystem info: host: 'SOMA-PC', ip: '192.168.1.6', os.name: 'Windows 10', os.arch: 'amd64', os.version: '10.0', java.version: '1.8.0_151'\nDriver info: driver.version: ChromeDriver\r\n\tat org.openqa.selenium.remote.service.DriverService.waitUntilAvailable(DriverService.java:192)\r\n\tat org.openqa.selenium.remote.service.DriverService.start(DriverService.java:178)\r\n\tat org.openqa.selenium.remote.service.DriverCommandExecutor.execute(DriverCommandExecutor.java:79)\r\n\tat org.openqa.selenium.remote.RemoteWebDriver.execute(RemoteWebDriver.java:601)\r\n\tat org.openqa.selenium.remote.RemoteWebDriver.startSession(RemoteWebDriver.java:219)\r\n\tat org.openqa.selenium.remote.RemoteWebDriver.<init>(RemoteWebDriver.java:142)\r\n\tat org.openqa.selenium.chrome.ChromeDriver.<init>(ChromeDriver.java:181)\r\n\tat org.openqa.selenium.chrome.ChromeDriver.<init>(ChromeDriver.java:168)\r\n\tat org.openqa.selenium.chrome.ChromeDriver.<init>(ChromeDriver.java:123)\r\n\tat org.example.StepDefs.Hooks.openBrowser(Hooks.java:19)\r\nCaused by: org.openqa.selenium.net.UrlChecker$TimeoutException: Timed out waiting for [http://localhost:14738/status] to be available after 20003 ms\r\n\tat org.openqa.selenium.net.UrlChecker.waitUntilAvailable(UrlChecker.java:100)\r\n\tat org.openqa.selenium.remote.service.DriverService.waitUntilAvailable(DriverService.java:187)\r\n\tat org.openqa.selenium.remote.service.DriverService.start(DriverService.java:178)\r\n\tat org.openqa.selenium.remote.service.DriverCommandExecutor.execute(DriverCommandExecutor.java:79)\r\n\tat org.openqa.selenium.remote.RemoteWebDriver.execute(RemoteWebDriver.java:601)\r\n\tat org.openqa.selenium.remote.RemoteWebDriver.startSession(RemoteWebDriver.java:219)\r\n\tat org.openqa.selenium.remote.RemoteWebDriver.<init>(RemoteWebDriver.java:142)\r\n\tat org.openqa.selenium.chrome.ChromeDriver.<init>(ChromeDriver.java:181)\r\n\tat org.openqa.selenium.chrome.ChromeDriver.<init>(ChromeDriver.java:168)\r\n\tat org.openqa.selenium.chrome.ChromeDriver.<init>(ChromeDriver.java:123)\r\n\tat org.example.StepDefs.Hooks.openBrowser(Hooks.java:19)\r\n\tat sun.reflect.GeneratedMethodAccessor85.invoke(Unknown Source)\r\n\tat sun.reflect.DelegatingMethodAccessorImpl.invoke(DelegatingMethodAccessorImpl.java:43)\r\n\tat java.lang.reflect.Method.invoke(Method.java:498)\r\n\tat io.cucumber.java.Invoker.doInvoke(Invoker.java:66)\r\n\tat io.cucumber.java.Invoker.invokeStatic(Invoker.java:80)\r\n\tat io.cucumber.java.AbstractGlueDefinition.invokeMethod(AbstractGlueDefinition.java:45)\r\n\tat io.cucumber.java.JavaHookDefinition.execute(JavaHookDefinition.java:64)\r\n\tat io.cucumber.core.runner.CoreHookDefinition.execute(CoreHookDefinition.java:46)\r\n\tat io.cucumber.core.runner.HookDefinitionMatch.runStep(HookDefinitionMatch.java:21)\r\n\tat io.cucumber.core.runner.ExecutionMode$1.execute(ExecutionMode.java:10)\r\n\tat io.cucumber.core.runner.TestStep.executeStep(TestStep.java:85)\r\n\tat io.cucumber.core.runner.TestStep.run(TestStep.java:57)\r\n\tat io.cucumber.core.runner.TestCase.run(TestCase.java:78)\r\n\tat io.cucumber.core.runner.Runner.runPickle(Runner.java:75)\r\n\tat io.cucumber.testng.TestNGCucumberRunner.lambda$runScenario$1(TestNGCucumberRunner.java:132)\r\n\tat io.cucumber.core.runtime.CucumberExecutionContext.lambda$runTestCase$5(CucumberExecutionContext.java:129)\r\n\tat io.cucumber.core.runtime.RethrowingThrowableCollector.executeAndThrow(RethrowingThrowableCollector.java:23)\r\n\tat io.cucumber.core.runtime.CucumberExecutionContext.runTestCase(CucumberExecutionContext.java:129)\r\n\tat io.cucumber.testng.TestNGCucumberRunner.runScenario(TestNGCucumberRunner.java:129)\r\n\tat io.cucumber.testng.AbstractTestNGCucumberTests.runScenario(AbstractTestNGCucumberTests.java:35)\r\n\tat sun.reflect.GeneratedMethodAccessor72.invoke(Unknown Source)\r\n\tat sun.reflect.DelegatingMethodAccessorImpl.invoke(DelegatingMethodAccessorImpl.java:43)\r\n\tat java.lang.reflect.Method.invoke(Method.java:498)\r\n\tat org.testng.internal.invokers.MethodInvocationHelper.invokeMethod(MethodInvocationHelper.java:135)\r\n\tat org.testng.internal.invokers.TestInvoker.invokeMethod(TestInvoker.java:673)\r\n\tat org.testng.internal.invokers.TestInvoker.invokeTestMethod(TestInvoker.java:220)\r\n\tat org.testng.internal.invokers.MethodRunner.runInSequence(MethodRunner.java:50)\r\n\tat org.testng.internal.invokers.TestInvoker$MethodInvocationAgent.invoke(TestInvoker.java:945)\r\n\tat org.testng.internal.invokers.TestInvoker.invokeTestMethods(TestInvoker.java:193)\r\n\tat org.testng.internal.invokers.TestMethodWorker.invokeTestMethods(TestMethodWorker.java:146)\r\n\tat org.testng.internal.invokers.TestMethodWorker.run(TestMethodWorker.java:128)\r\n\tat java.util.ArrayList.forEach(ArrayList.java:1255)\r\n\tat org.testng.TestRunner.privateRun(TestRunner.java:808)\r\n\tat org.testng.TestRunner.run(TestRunner.java:603)\r\n\tat org.testng.SuiteRunner.runTest(SuiteRunner.java:429)\r\n\tat org.testng.SuiteRunner.runSequentially(SuiteRunner.java:423)\r\n\tat org.testng.SuiteRunner.privateRun(SuiteRunner.java:383)\r\n\tat org.testng.SuiteRunner.run(SuiteRunner.java:326)\r\n\tat org.testng.SuiteRunnerWorker.runSuite(SuiteRunnerWorker.java:52)\r\n\tat org.testng.SuiteRunnerWorker.run(SuiteRunnerWorker.java:95)\r\n\tat org.testng.TestNG.runSuitesSequentially(TestNG.java:1249)\r\n\tat org.testng.TestNG.runSuitesLocally(TestNG.java:1169)\r\n\tat org.testng.TestNG.runSuites(TestNG.java:1092)\r\n\tat org.testng.TestNG.run(TestNG.java:1060)\r\n\tat com.intellij.rt.testng.IDEARemoteTestNG.run(IDEARemoteTestNG.java:66)\r\n\tat com.intellij.rt.testng.RemoteTestNGStarter.main(RemoteTestNGStarter.java:109)\r\nCaused by: java.util.concurrent.TimeoutException\r\n\tat java.util.concurrent.FutureTask.get(FutureTask.java:205)\r\n\tat com.google.common.util.concurrent.SimpleTimeLimiter.callWithTimeout(SimpleTimeLimiter.java:147)\r\n\tat org.openqa.selenium.net.UrlChecker.waitUntilAvailable(UrlChecker.java:75)\r\n\t... 56 more\r\n","duration":20023000000,"status":"failed"},"match":{"location":"org.example.StepDefs.Hooks.openBrowser()"}}],"line":5,"name":"user can choose euro currency","description":"","id":"f06-currencies-|user-could-switch-between-currencies-[$--€];user-can-choose-euro-currency","after":[{"result":{"duration":3012000000,"status":"passed"},"match":{"location":"org.example.StepDefs.Hooks.closeBrowser()"}}],"type":"scenario","keyword":"Scenario","steps":[{"result":{"status":"skipped"},"line":6,"name":"user select “euro” from currency dropdown list","match":{"location":"org.example.StepDefs.currencies_steps.userSelectEuroFromCurrencyDropdownList()"},"keyword":"When "},{"result":{"duration":1000000,"status":"skipped"},"line":7,"name":"All the products change to euro symbol","match":{"location":"org.example.StepDefs.currencies_steps.AllTheProductschangeToEuroSymbol()"},"keyword":"Then "},{"result":{"status":"skipped"},"line":8,"name":"user choose Euro successfully","match":{"location":"org.example.StepDefs.currencies_steps.userChooseEuroSuccessfully()"},"keyword":"Then "}],"tags":[{"name":"@smoke"}]}],"name":"F06_Currencies |User could switch between currencies [$, €]","description":"","id":"f06-currencies-|user-could-switch-between-currencies-[$--€]","keyword":"Feature","uri":"file:src/main/resources/features/F08_Currencies.feature","tags":[{"name":"@smoke","type":"Tag","location":{"line":1,"column":1}}]}]