<?xml version="1.0" encoding="UTF-8" standalone="no"?>
<testsuite errors="0" failures="15" name="io.cucumber.core.plugin.JUnitFormatter" skipped="0" tests="17" time="132,574.948">
<testcase classname="F01_Register |Users could register with new accounts" name="user full the data to be able to register to the website" time="86.68">
<failure message="unknown error: DevToolsActivePort file doesn't exist&#10;Build info: version: '3.8.0', revision: '924c4067df', time: '2017-11-30T11:20:39.408Z'&#10;System info: host: 'SOMA-PC', ip: '192.168.1.6', os.name: 'Windows 10', os.arch: 'amd64', os.version: '10.0', java.version: '1.8.0_151'&#10;Driver info: driver.version: ChromeDriver&#10;remote stacktrace: Backtrace:&#10;&#9;Ordinal0 [0x0057ACD3+2075859]&#10;&#9;Ordinal0 [0x0050EE61+1633889]&#10;&#9;Ordinal0 [0x0040B7BD+571325]&#10;&#9;Ordinal0 [0x0042D414+709652]&#10;&#9;Ordinal0 [0x00429098+692376]&#10;&#9;Ordinal0 [0x00426BE9+682985]&#10;&#9;Ordinal0 [0x0045DBD3+908243]&#10;&#9;Ordinal0 [0x0045D6AA+906922]&#10;&#9;Ordinal0 [0x00457136+880950]&#10;&#9;Ordinal0 [0x0042FEFD+720637]&#10;&#9;Ordinal0 [0x00430F3F+724799]&#10;&#9;GetHandleVerifier [0x0082EED2+2769538]&#10;&#9;GetHandleVerifier [0x00820D95+2711877]&#10;&#9;GetHandleVerifier [0x0060A03A+521194]&#10;&#9;GetHandleVerifier [0x00608DA0+516432]&#10;&#9;Ordinal0 [0x0051682C+1665068]&#10;&#9;Ordinal0 [0x0051B128+1683752]&#10;&#9;Ordinal0 [0x0051B215+1683989]&#10;&#9;Ordinal0 [0x00526484+1729668]&#10;&#9;BaseThreadInitThunk [0x7555FEF9+25]&#10;&#9;RtlGetAppContainerNamedObjectPath [0x77777BBE+286]&#10;&#9;RtlGetAppContainerNamedObjectPath [0x77777B8E+238]&#10;" type="org.openqa.selenium.WebDriverException"><![CDATA[Given user navigate to register page........................................skipped
And user select gender type.................................................skipped
When user enter valid data..................................................skipped
Then user click on register button..........................................skipped
Then success message is displayed...........................................skipped

StackTrace:
org.openqa.selenium.WebDriverException: unknown error: DevToolsActivePort file doesn't exist
Build info: version: '3.8.0', revision: '924c4067df', time: '2017-11-30T11:20:39.408Z'
System info: host: 'SOMA-PC', ip: '192.168.1.6', os.name: 'Windows 10', os.arch: 'amd64', os.version: '10.0', java.version: '1.8.0_151'
Driver info: driver.version: ChromeDriver
remote stacktrace: Backtrace:
	Ordinal0 [0x0057ACD3+2075859]
	Ordinal0 [0x0050EE61+1633889]
	Ordinal0 [0x0040B7BD+571325]
	Ordinal0 [0x0042D414+709652]
	Ordinal0 [0x00429098+692376]
	Ordinal0 [0x00426BE9+682985]
	Ordinal0 [0x0045DBD3+908243]
	Ordinal0 [0x0045D6AA+906922]
	Ordinal0 [0x00457136+880950]
	Ordinal0 [0x0042FEFD+720637]
	Ordinal0 [0x00430F3F+724799]
	GetHandleVerifier [0x0082EED2+2769538]
	GetHandleVerifier [0x00820D95+2711877]
	GetHandleVerifier [0x0060A03A+521194]
	GetHandleVerifier [0x00608DA0+516432]
	Ordinal0 [0x0051682C+1665068]
	Ordinal0 [0x0051B128+1683752]
	Ordinal0 [0x0051B215+1683989]
	Ordinal0 [0x00526484+1729668]
	BaseThreadInitThunk [0x7555FEF9+25]
	RtlGetAppContainerNamedObjectPath [0x77777BBE+286]
	RtlGetAppContainerNamedObjectPath [0x77777B8E+238]

	at sun.reflect.NativeConstructorAccessorImpl.newInstance0(Native Method)
	at sun.reflect.NativeConstructorAccessorImpl.newInstance(NativeConstructorAccessorImpl.java:62)
	at sun.reflect.DelegatingConstructorAccessorImpl.newInstance(DelegatingConstructorAccessorImpl.java:45)
	at java.lang.reflect.Constructor.newInstance(Constructor.java:423)
	at org.openqa.selenium.remote.W3CHandshakeResponse.lambda$new$0(W3CHandshakeResponse.java:57)
	at org.openqa.selenium.remote.W3CHandshakeResponse.lambda$getResponseFunction$2(W3CHandshakeResponse.java:104)
	at org.openqa.selenium.remote.ProtocolHandshake.lambda$createSession$0(ProtocolHandshake.java:123)
	at java.util.stream.ReferencePipeline$3$1.accept(ReferencePipeline.java:193)
	at java.util.Spliterators$ArraySpliterator.tryAdvance(Spliterators.java:958)
	at java.util.stream.ReferencePipeline.forEachWithCancel(ReferencePipeline.java:126)
	at java.util.stream.AbstractPipeline.copyIntoWithCancel(AbstractPipeline.java:498)
	at java.util.stream.AbstractPipeline.copyInto(AbstractPipeline.java:485)
	at java.util.stream.AbstractPipeline.wrapAndCopyInto(AbstractPipeline.java:471)
	at java.util.stream.FindOps$FindOp.evaluateSequential(FindOps.java:152)
	at java.util.stream.AbstractPipeline.evaluate(AbstractPipeline.java:234)
	at java.util.stream.ReferencePipeline.findFirst(ReferencePipeline.java:464)
	at org.openqa.selenium.remote.ProtocolHandshake.createSession(ProtocolHandshake.java:126)
	at org.openqa.selenium.remote.ProtocolHandshake.createSession(ProtocolHandshake.java:73)
	at org.openqa.selenium.remote.HttpCommandExecutor.execute(HttpCommandExecutor.java:142)
	at org.openqa.selenium.remote.service.DriverCommandExecutor.execute(DriverCommandExecutor.java:83)
	at org.openqa.selenium.remote.RemoteWebDriver.execute(RemoteWebDriver.java:601)
	at org.openqa.selenium.remote.RemoteWebDriver.startSession(RemoteWebDriver.java:219)
	at org.openqa.selenium.remote.RemoteWebDriver.<init>(RemoteWebDriver.java:142)
	at org.openqa.selenium.chrome.ChromeDriver.<init>(ChromeDriver.java:181)
	at org.openqa.selenium.chrome.ChromeDriver.<init>(ChromeDriver.java:168)
	at org.openqa.selenium.chrome.ChromeDriver.<init>(ChromeDriver.java:123)
	at org.example.StepDefs.Hooks.openBrowser(Hooks.java:19)
]]></failure>
</testcase>
<testcase classname="F02_Login |User should be able to login to the system" name="user login with valid data" time="72.417">
<failure message="unknown error: DevToolsActivePort file doesn't exist&#10;Build info: version: '3.8.0', revision: '924c4067df', time: '2017-11-30T11:20:39.408Z'&#10;System info: host: 'SOMA-PC', ip: '192.168.1.6', os.name: 'Windows 10', os.arch: 'amd64', os.version: '10.0', java.version: '1.8.0_151'&#10;Driver info: driver.version: ChromeDriver&#10;remote stacktrace: Backtrace:&#10;&#9;Ordinal0 [0x0057ACD3+2075859]&#10;&#9;Ordinal0 [0x0050EE61+1633889]&#10;&#9;Ordinal0 [0x0040B7BD+571325]&#10;&#9;Ordinal0 [0x0042D414+709652]&#10;&#9;Ordinal0 [0x00429098+692376]&#10;&#9;Ordinal0 [0x00426BE9+682985]&#10;&#9;Ordinal0 [0x0045DBD3+908243]&#10;&#9;Ordinal0 [0x0045D6AA+906922]&#10;&#9;Ordinal0 [0x00457136+880950]&#10;&#9;Ordinal0 [0x0042FEFD+720637]&#10;&#9;Ordinal0 [0x00430F3F+724799]&#10;&#9;GetHandleVerifier [0x0082EED2+2769538]&#10;&#9;GetHandleVerifier [0x00820D95+2711877]&#10;&#9;GetHandleVerifier [0x0060A03A+521194]&#10;&#9;GetHandleVerifier [0x00608DA0+516432]&#10;&#9;Ordinal0 [0x0051682C+1665068]&#10;&#9;Ordinal0 [0x0051B128+1683752]&#10;&#9;Ordinal0 [0x0051B215+1683989]&#10;&#9;Ordinal0 [0x00526484+1729668]&#10;&#9;BaseThreadInitThunk [0x7555FEF9+25]&#10;&#9;RtlGetAppContainerNamedObjectPath [0x77777BBE+286]&#10;&#9;RtlGetAppContainerNamedObjectPath [0x77777B8E+238]&#10;" type="org.openqa.selenium.WebDriverException"><![CDATA[When user navigate to login page............................................skipped
And user enter "Hadeermohamed22@gmail.com" and "Vois@2222"..................skipped
Then user click on login button.............................................skipped
And user could login successfully and go to home page.......................skipped

StackTrace:
org.openqa.selenium.WebDriverException: unknown error: DevToolsActivePort file doesn't exist
Build info: version: '3.8.0', revision: '924c4067df', time: '2017-11-30T11:20:39.408Z'
System info: host: 'SOMA-PC', ip: '192.168.1.6', os.name: 'Windows 10', os.arch: 'amd64', os.version: '10.0', java.version: '1.8.0_151'
Driver info: driver.version: ChromeDriver
remote stacktrace: Backtrace:
	Ordinal0 [0x0057ACD3+2075859]
	Ordinal0 [0x0050EE61+1633889]
	Ordinal0 [0x0040B7BD+571325]
	Ordinal0 [0x0042D414+709652]
	Ordinal0 [0x00429098+692376]
	Ordinal0 [0x00426BE9+682985]
	Ordinal0 [0x0045DBD3+908243]
	Ordinal0 [0x0045D6AA+906922]
	Ordinal0 [0x00457136+880950]
	Ordinal0 [0x0042FEFD+720637]
	Ordinal0 [0x00430F3F+724799]
	GetHandleVerifier [0x0082EED2+2769538]
	GetHandleVerifier [0x00820D95+2711877]
	GetHandleVerifier [0x0060A03A+521194]
	GetHandleVerifier [0x00608DA0+516432]
	Ordinal0 [0x0051682C+1665068]
	Ordinal0 [0x0051B128+1683752]
	Ordinal0 [0x0051B215+1683989]
	Ordinal0 [0x00526484+1729668]
	BaseThreadInitThunk [0x7555FEF9+25]
	RtlGetAppContainerNamedObjectPath [0x77777BBE+286]
	RtlGetAppContainerNamedObjectPath [0x77777B8E+238]

	at sun.reflect.NativeConstructorAccessorImpl.newInstance0(Native Method)
	at sun.reflect.NativeConstructorAccessorImpl.newInstance(NativeConstructorAccessorImpl.java:62)
	at sun.reflect.DelegatingConstructorAccessorImpl.newInstance(DelegatingConstructorAccessorImpl.java:45)
	at java.lang.reflect.Constructor.newInstance(Constructor.java:423)
	at org.openqa.selenium.remote.W3CHandshakeResponse.lambda$new$0(W3CHandshakeResponse.java:57)
	at org.openqa.selenium.remote.W3CHandshakeResponse.lambda$getResponseFunction$2(W3CHandshakeResponse.java:104)
	at org.openqa.selenium.remote.ProtocolHandshake.lambda$createSession$0(ProtocolHandshake.java:123)
	at java.util.stream.ReferencePipeline$3$1.accept(ReferencePipeline.java:193)
	at java.util.Spliterators$ArraySpliterator.tryAdvance(Spliterators.java:958)
	at java.util.stream.ReferencePipeline.forEachWithCancel(ReferencePipeline.java:126)
	at java.util.stream.AbstractPipeline.copyIntoWithCancel(AbstractPipeline.java:498)
	at java.util.stream.AbstractPipeline.copyInto(AbstractPipeline.java:485)
	at java.util.stream.AbstractPipeline.wrapAndCopyInto(AbstractPipeline.java:471)
	at java.util.stream.FindOps$FindOp.evaluateSequential(FindOps.java:152)
	at java.util.stream.AbstractPipeline.evaluate(AbstractPipeline.java:234)
	at java.util.stream.ReferencePipeline.findFirst(ReferencePipeline.java:464)
	at org.openqa.selenium.remote.ProtocolHandshake.createSession(ProtocolHandshake.java:126)
	at org.openqa.selenium.remote.ProtocolHandshake.createSession(ProtocolHandshake.java:73)
	at org.openqa.selenium.remote.HttpCommandExecutor.execute(HttpCommandExecutor.java:142)
	at org.openqa.selenium.remote.service.DriverCommandExecutor.execute(DriverCommandExecutor.java:83)
	at org.openqa.selenium.remote.RemoteWebDriver.execute(RemoteWebDriver.java:601)
	at org.openqa.selenium.remote.RemoteWebDriver.startSession(RemoteWebDriver.java:219)
	at org.openqa.selenium.remote.RemoteWebDriver.<init>(RemoteWebDriver.java:142)
	at org.openqa.selenium.chrome.ChromeDriver.<init>(ChromeDriver.java:181)
	at org.openqa.selenium.chrome.ChromeDriver.<init>(ChromeDriver.java:168)
	at org.openqa.selenium.chrome.ChromeDriver.<init>(ChromeDriver.java:123)
	at org.example.StepDefs.Hooks.openBrowser(Hooks.java:19)
]]></failure>
</testcase>
<testcase classname="F02_Login |User should be able to login to the system" name="user login with invalid data" time="153.065">
<failure message="The following asserts failed:&#10;&#9;Wrong Message expected [Login was unsuccessful. Please correct the errors and try again.&#10;The credentials provided are incorrect] but found [Login was unsuccessful. Please correct the errors and try again.&#10;No customer account found]" type="java.lang.AssertionError"><![CDATA[When user navigate to login page............................................passed
And user enter "Hadeermoaaz6@gmial.com" and "Vois"..........................passed
Then user click on login button.............................................passed
And user could not login successfully and go to home page...................failed

StackTrace:
java.lang.AssertionError: The following asserts failed:
	Wrong Message expected [Login was unsuccessful. Please correct the errors and try again.
The credentials provided are incorrect] but found [Login was unsuccessful. Please correct the errors and try again.
No customer account found]
	at org.testng.asserts.SoftAssert.assertAll(SoftAssert.java:46)
	at org.testng.asserts.SoftAssert.assertAll(SoftAssert.java:30)
	at org.example.StepDefs.Login_steps.unable_to_login(Login_steps.java:65)
	at ✽.user could not login successfully and go to home page(file:///C:/Users/soma/IdeaProjects/Udacity/src/main/resources/features/F02_Login.feature:17)
]]></failure>
</testcase>
<testcase classname="F04_Categories |User could select different categories" name="user could select different categories" time="78.077">
<failure message="chrome not reachable&#10;Build info: version: '3.8.0', revision: '924c4067df', time: '2017-11-30T11:20:39.408Z'&#10;System info: host: 'SOMA-PC', ip: '192.168.1.6', os.name: 'Windows 10', os.arch: 'amd64', os.version: '10.0', java.version: '1.8.0_151'&#10;Driver info: driver.version: ChromeDriver&#10;remote stacktrace: Backtrace:&#10;&#9;Ordinal0 [0x0057ACD3+2075859]&#10;&#9;Ordinal0 [0x0050EE61+1633889]&#10;&#9;Ordinal0 [0x0040B680+571008]&#10;&#9;Ordinal0 [0x004012EA+529130]&#10;&#9;Ordinal0 [0x0042D96E+711022]&#10;&#9;Ordinal0 [0x00429266+692838]&#10;&#9;Ordinal0 [0x00426BE9+682985]&#10;&#9;Ordinal0 [0x0045DBD3+908243]&#10;&#9;Ordinal0 [0x0045D6AA+906922]&#10;&#9;Ordinal0 [0x00457136+880950]&#10;&#9;Ordinal0 [0x0042FEFD+720637]&#10;&#9;Ordinal0 [0x00430F3F+724799]&#10;&#9;GetHandleVerifier [0x0082EED2+2769538]&#10;&#9;GetHandleVerifier [0x00820D95+2711877]&#10;&#9;GetHandleVerifier [0x0060A03A+521194]&#10;&#9;GetHandleVerifier [0x00608DA0+516432]&#10;&#9;Ordinal0 [0x0051682C+1665068]&#10;&#9;Ordinal0 [0x0051B128+1683752]&#10;&#9;Ordinal0 [0x0051B215+1683989]&#10;&#9;Ordinal0 [0x00526484+1729668]&#10;&#9;BaseThreadInitThunk [0x7555FEF9+25]&#10;&#9;RtlGetAppContainerNamedObjectPath [0x77777BBE+286]&#10;&#9;RtlGetAppContainerNamedObjectPath [0x77777B8E+238]&#10;" type="org.openqa.selenium.WebDriverException"><![CDATA[When user select category and subcategory...................................skipped
And user click on subcategory...............................................skipped
Then user find relative product page........................................skipped

StackTrace:
org.openqa.selenium.WebDriverException: chrome not reachable
Build info: version: '3.8.0', revision: '924c4067df', time: '2017-11-30T11:20:39.408Z'
System info: host: 'SOMA-PC', ip: '192.168.1.6', os.name: 'Windows 10', os.arch: 'amd64', os.version: '10.0', java.version: '1.8.0_151'
Driver info: driver.version: ChromeDriver
remote stacktrace: Backtrace:
	Ordinal0 [0x0057ACD3+2075859]
	Ordinal0 [0x0050EE61+1633889]
	Ordinal0 [0x0040B680+571008]
	Ordinal0 [0x004012EA+529130]
	Ordinal0 [0x0042D96E+711022]
	Ordinal0 [0x00429266+692838]
	Ordinal0 [0x00426BE9+682985]
	Ordinal0 [0x0045DBD3+908243]
	Ordinal0 [0x0045D6AA+906922]
	Ordinal0 [0x00457136+880950]
	Ordinal0 [0x0042FEFD+720637]
	Ordinal0 [0x00430F3F+724799]
	GetHandleVerifier [0x0082EED2+2769538]
	GetHandleVerifier [0x00820D95+2711877]
	GetHandleVerifier [0x0060A03A+521194]
	GetHandleVerifier [0x00608DA0+516432]
	Ordinal0 [0x0051682C+1665068]
	Ordinal0 [0x0051B128+1683752]
	Ordinal0 [0x0051B215+1683989]
	Ordinal0 [0x00526484+1729668]
	BaseThreadInitThunk [0x7555FEF9+25]
	RtlGetAppContainerNamedObjectPath [0x77777BBE+286]
	RtlGetAppContainerNamedObjectPath [0x77777B8E+238]

	at sun.reflect.NativeConstructorAccessorImpl.newInstance0(Native Method)
	at sun.reflect.NativeConstructorAccessorImpl.newInstance(NativeConstructorAccessorImpl.java:62)
	at sun.reflect.DelegatingConstructorAccessorImpl.newInstance(DelegatingConstructorAccessorImpl.java:45)
	at java.lang.reflect.Constructor.newInstance(Constructor.java:423)
	at org.openqa.selenium.remote.W3CHandshakeResponse.lambda$new$0(W3CHandshakeResponse.java:57)
	at org.openqa.selenium.remote.W3CHandshakeResponse.lambda$getResponseFunction$2(W3CHandshakeResponse.java:104)
	at org.openqa.selenium.remote.ProtocolHandshake.lambda$createSession$0(ProtocolHandshake.java:123)
	at java.util.stream.ReferencePipeline$3$1.accept(ReferencePipeline.java:193)
	at java.util.Spliterators$ArraySpliterator.tryAdvance(Spliterators.java:958)
	at java.util.stream.ReferencePipeline.forEachWithCancel(ReferencePipeline.java:126)
	at java.util.stream.AbstractPipeline.copyIntoWithCancel(AbstractPipeline.java:498)
	at java.util.stream.AbstractPipeline.copyInto(AbstractPipeline.java:485)
	at java.util.stream.AbstractPipeline.wrapAndCopyInto(AbstractPipeline.java:471)
	at java.util.stream.FindOps$FindOp.evaluateSequential(FindOps.java:152)
	at java.util.stream.AbstractPipeline.evaluate(AbstractPipeline.java:234)
	at java.util.stream.ReferencePipeline.findFirst(ReferencePipeline.java:464)
	at org.openqa.selenium.remote.ProtocolHandshake.createSession(ProtocolHandshake.java:126)
	at org.openqa.selenium.remote.ProtocolHandshake.createSession(ProtocolHandshake.java:73)
	at org.openqa.selenium.remote.HttpCommandExecutor.execute(HttpCommandExecutor.java:142)
	at org.openqa.selenium.remote.service.DriverCommandExecutor.execute(DriverCommandExecutor.java:83)
	at org.openqa.selenium.remote.RemoteWebDriver.execute(RemoteWebDriver.java:601)
	at org.openqa.selenium.remote.RemoteWebDriver.startSession(RemoteWebDriver.java:219)
	at org.openqa.selenium.remote.RemoteWebDriver.<init>(RemoteWebDriver.java:142)
	at org.openqa.selenium.chrome.ChromeDriver.<init>(ChromeDriver.java:181)
	at org.openqa.selenium.chrome.ChromeDriver.<init>(ChromeDriver.java:168)
	at org.openqa.selenium.chrome.ChromeDriver.<init>(ChromeDriver.java:123)
	at org.example.StepDefs.Hooks.openBrowser(Hooks.java:19)
]]></failure>
</testcase>
<testcase classname="F03_Search |Logged user could search for any products" name="user could search for product name" time="173.781">
<system-out><![CDATA[Given user clicks on search field...........................................passed
When user search for product name like "Nokia"..............................passed
And user click on search Button.............................................passed
Then user could search successfully and go to search page...................passed
]]></system-out>
</testcase>
<testcase classname="F03_Search |Logged user could search for any products" name="user search using SKU" time="77.714">
<failure message="chrome not reachable&#10;Build info: version: '3.8.0', revision: '924c4067df', time: '2017-11-30T11:20:39.408Z'&#10;System info: host: 'SOMA-PC', ip: '192.168.1.6', os.name: 'Windows 10', os.arch: 'amd64', os.version: '10.0', java.version: '1.8.0_151'&#10;Driver info: driver.version: ChromeDriver&#10;remote stacktrace: Backtrace:&#10;&#9;Ordinal0 [0x0057ACD3+2075859]&#10;&#9;Ordinal0 [0x0050EE61+1633889]&#10;&#9;Ordinal0 [0x0040B680+571008]&#10;&#9;Ordinal0 [0x004012EA+529130]&#10;&#9;Ordinal0 [0x0042D96E+711022]&#10;&#9;Ordinal0 [0x00429266+692838]&#10;&#9;Ordinal0 [0x00426BE9+682985]&#10;&#9;Ordinal0 [0x0045DBD3+908243]&#10;&#9;Ordinal0 [0x0045D6AA+906922]&#10;&#9;Ordinal0 [0x00457136+880950]&#10;&#9;Ordinal0 [0x0042FEFD+720637]&#10;&#9;Ordinal0 [0x00430F3F+724799]&#10;&#9;GetHandleVerifier [0x0082EED2+2769538]&#10;&#9;GetHandleVerifier [0x00820D95+2711877]&#10;&#9;GetHandleVerifier [0x0060A03A+521194]&#10;&#9;GetHandleVerifier [0x00608DA0+516432]&#10;&#9;Ordinal0 [0x0051682C+1665068]&#10;&#9;Ordinal0 [0x0051B128+1683752]&#10;&#9;Ordinal0 [0x0051B215+1683989]&#10;&#9;Ordinal0 [0x00526484+1729668]&#10;&#9;BaseThreadInitThunk [0x7555FEF9+25]&#10;&#9;RtlGetAppContainerNamedObjectPath [0x77777BBE+286]&#10;&#9;RtlGetAppContainerNamedObjectPath [0x77777B8E+238]&#10;" type="org.openqa.selenium.WebDriverException"><![CDATA[Given user clicks on search field...........................................skipped
When user search for product name like "AP_MBP_13"..........................skipped
And user click on search Button.............................................skipped
Then user could search successfully with SKU code...........................skipped

StackTrace:
org.openqa.selenium.WebDriverException: chrome not reachable
Build info: version: '3.8.0', revision: '924c4067df', time: '2017-11-30T11:20:39.408Z'
System info: host: 'SOMA-PC', ip: '192.168.1.6', os.name: 'Windows 10', os.arch: 'amd64', os.version: '10.0', java.version: '1.8.0_151'
Driver info: driver.version: ChromeDriver
remote stacktrace: Backtrace:
	Ordinal0 [0x0057ACD3+2075859]
	Ordinal0 [0x0050EE61+1633889]
	Ordinal0 [0x0040B680+571008]
	Ordinal0 [0x004012EA+529130]
	Ordinal0 [0x0042D96E+711022]
	Ordinal0 [0x00429266+692838]
	Ordinal0 [0x00426BE9+682985]
	Ordinal0 [0x0045DBD3+908243]
	Ordinal0 [0x0045D6AA+906922]
	Ordinal0 [0x00457136+880950]
	Ordinal0 [0x0042FEFD+720637]
	Ordinal0 [0x00430F3F+724799]
	GetHandleVerifier [0x0082EED2+2769538]
	GetHandleVerifier [0x00820D95+2711877]
	GetHandleVerifier [0x0060A03A+521194]
	GetHandleVerifier [0x00608DA0+516432]
	Ordinal0 [0x0051682C+1665068]
	Ordinal0 [0x0051B128+1683752]
	Ordinal0 [0x0051B215+1683989]
	Ordinal0 [0x00526484+1729668]
	BaseThreadInitThunk [0x7555FEF9+25]
	RtlGetAppContainerNamedObjectPath [0x77777BBE+286]
	RtlGetAppContainerNamedObjectPath [0x77777B8E+238]

	at sun.reflect.NativeConstructorAccessorImpl.newInstance0(Native Method)
	at sun.reflect.NativeConstructorAccessorImpl.newInstance(NativeConstructorAccessorImpl.java:62)
	at sun.reflect.DelegatingConstructorAccessorImpl.newInstance(DelegatingConstructorAccessorImpl.java:45)
	at java.lang.reflect.Constructor.newInstance(Constructor.java:423)
	at org.openqa.selenium.remote.W3CHandshakeResponse.lambda$new$0(W3CHandshakeResponse.java:57)
	at org.openqa.selenium.remote.W3CHandshakeResponse.lambda$getResponseFunction$2(W3CHandshakeResponse.java:104)
	at org.openqa.selenium.remote.ProtocolHandshake.lambda$createSession$0(ProtocolHandshake.java:123)
	at java.util.stream.ReferencePipeline$3$1.accept(ReferencePipeline.java:193)
	at java.util.Spliterators$ArraySpliterator.tryAdvance(Spliterators.java:958)
	at java.util.stream.ReferencePipeline.forEachWithCancel(ReferencePipeline.java:126)
	at java.util.stream.AbstractPipeline.copyIntoWithCancel(AbstractPipeline.java:498)
	at java.util.stream.AbstractPipeline.copyInto(AbstractPipeline.java:485)
	at java.util.stream.AbstractPipeline.wrapAndCopyInto(AbstractPipeline.java:471)
	at java.util.stream.FindOps$FindOp.evaluateSequential(FindOps.java:152)
	at java.util.stream.AbstractPipeline.evaluate(AbstractPipeline.java:234)
	at java.util.stream.ReferencePipeline.findFirst(ReferencePipeline.java:464)
	at org.openqa.selenium.remote.ProtocolHandshake.createSession(ProtocolHandshake.java:126)
	at org.openqa.selenium.remote.ProtocolHandshake.createSession(ProtocolHandshake.java:73)
	at org.openqa.selenium.remote.HttpCommandExecutor.execute(HttpCommandExecutor.java:142)
	at org.openqa.selenium.remote.service.DriverCommandExecutor.execute(DriverCommandExecutor.java:83)
	at org.openqa.selenium.remote.RemoteWebDriver.execute(RemoteWebDriver.java:601)
	at org.openqa.selenium.remote.RemoteWebDriver.startSession(RemoteWebDriver.java:219)
	at org.openqa.selenium.remote.RemoteWebDriver.<init>(RemoteWebDriver.java:142)
	at org.openqa.selenium.chrome.ChromeDriver.<init>(ChromeDriver.java:181)
	at org.openqa.selenium.chrome.ChromeDriver.<init>(ChromeDriver.java:168)
	at org.openqa.selenium.chrome.ChromeDriver.<init>(ChromeDriver.java:123)
	at org.example.StepDefs.Hooks.openBrowser(Hooks.java:19)
]]></failure>
</testcase>
<testcase classname="F03_Search |Logged user could search for any products" name="user search using invalid product name" time="30.564">
<system-out><![CDATA[Given user clicks on search field...........................................passed
When user search for product name like "Xiaomi".............................passed
And user click on search Button.............................................passed
Then user could not search for the product..................................passed
]]></system-out>
</testcase>
<testcase classname="F07_homeSliders |Users will be able to open sliders in home page" name="First slider clickable on homepage" time="75.577">
<failure message="URL of First Slide expected [https://demo.nopcommerce.com/nokia-lumia-1020] but found [https://demo.nopcommerce.com/]" type="java.lang.AssertionError"><![CDATA[When user clicks on first slider............................................passed
Then relative product for first slider is displayed.........................failed

StackTrace:
java.lang.AssertionError: URL of First Slide expected [https://demo.nopcommerce.com/nokia-lumia-1020] but found [https://demo.nopcommerce.com/]
	at org.testng.Assert.fail(Assert.java:110)
	at org.testng.Assert.failNotEquals(Assert.java:1413)
	at org.testng.Assert.assertEqualsImpl(Assert.java:149)
	at org.testng.Assert.assertEquals(Assert.java:131)
	at org.testng.Assert.assertEquals(Assert.java:655)
	at org.example.StepDefs.homeSliders_steps.first_slide_displayed(homeSliders_steps.java:22)
	at ✽.relative product for first slider is displayed(file:///C:/Users/soma/IdeaProjects/Udacity/src/main/resources/features/F05_homeSliders.feature:7)
]]></failure>
</testcase>
<testcase classname="F07_homeSliders |Users will be able to open sliders in home page" name="Second slider clickable on homepage" time="71.973">
<failure message="unknown error: DevToolsActivePort file doesn't exist&#10;Build info: version: '3.8.0', revision: '924c4067df', time: '2017-11-30T11:20:39.408Z'&#10;System info: host: 'SOMA-PC', ip: '192.168.1.6', os.name: 'Windows 10', os.arch: 'amd64', os.version: '10.0', java.version: '1.8.0_151'&#10;Driver info: driver.version: ChromeDriver&#10;remote stacktrace: Backtrace:&#10;&#9;Ordinal0 [0x0057ACD3+2075859]&#10;&#9;Ordinal0 [0x0050EE61+1633889]&#10;&#9;Ordinal0 [0x0040B7BD+571325]&#10;&#9;Ordinal0 [0x0042D414+709652]&#10;&#9;Ordinal0 [0x00429098+692376]&#10;&#9;Ordinal0 [0x00426BE9+682985]&#10;&#9;Ordinal0 [0x0045DBD3+908243]&#10;&#9;Ordinal0 [0x0045D6AA+906922]&#10;&#9;Ordinal0 [0x00457136+880950]&#10;&#9;Ordinal0 [0x0042FEFD+720637]&#10;&#9;Ordinal0 [0x00430F3F+724799]&#10;&#9;GetHandleVerifier [0x0082EED2+2769538]&#10;&#9;GetHandleVerifier [0x00820D95+2711877]&#10;&#9;GetHandleVerifier [0x0060A03A+521194]&#10;&#9;GetHandleVerifier [0x00608DA0+516432]&#10;&#9;Ordinal0 [0x0051682C+1665068]&#10;&#9;Ordinal0 [0x0051B128+1683752]&#10;&#9;Ordinal0 [0x0051B215+1683989]&#10;&#9;Ordinal0 [0x00526484+1729668]&#10;&#9;BaseThreadInitThunk [0x7555FEF9+25]&#10;&#9;RtlGetAppContainerNamedObjectPath [0x77777BBE+286]&#10;&#9;RtlGetAppContainerNamedObjectPath [0x77777B8E+238]&#10;" type="org.openqa.selenium.WebDriverException"><![CDATA[When user clicks on second slider...........................................skipped
Then relative product for first slider is displayed.........................skipped

StackTrace:
org.openqa.selenium.WebDriverException: unknown error: DevToolsActivePort file doesn't exist
Build info: version: '3.8.0', revision: '924c4067df', time: '2017-11-30T11:20:39.408Z'
System info: host: 'SOMA-PC', ip: '192.168.1.6', os.name: 'Windows 10', os.arch: 'amd64', os.version: '10.0', java.version: '1.8.0_151'
Driver info: driver.version: ChromeDriver
remote stacktrace: Backtrace:
	Ordinal0 [0x0057ACD3+2075859]
	Ordinal0 [0x0050EE61+1633889]
	Ordinal0 [0x0040B7BD+571325]
	Ordinal0 [0x0042D414+709652]
	Ordinal0 [0x00429098+692376]
	Ordinal0 [0x00426BE9+682985]
	Ordinal0 [0x0045DBD3+908243]
	Ordinal0 [0x0045D6AA+906922]
	Ordinal0 [0x00457136+880950]
	Ordinal0 [0x0042FEFD+720637]
	Ordinal0 [0x00430F3F+724799]
	GetHandleVerifier [0x0082EED2+2769538]
	GetHandleVerifier [0x00820D95+2711877]
	GetHandleVerifier [0x0060A03A+521194]
	GetHandleVerifier [0x00608DA0+516432]
	Ordinal0 [0x0051682C+1665068]
	Ordinal0 [0x0051B128+1683752]
	Ordinal0 [0x0051B215+1683989]
	Ordinal0 [0x00526484+1729668]
	BaseThreadInitThunk [0x7555FEF9+25]
	RtlGetAppContainerNamedObjectPath [0x77777BBE+286]
	RtlGetAppContainerNamedObjectPath [0x77777B8E+238]

	at sun.reflect.NativeConstructorAccessorImpl.newInstance0(Native Method)
	at sun.reflect.NativeConstructorAccessorImpl.newInstance(NativeConstructorAccessorImpl.java:62)
	at sun.reflect.DelegatingConstructorAccessorImpl.newInstance(DelegatingConstructorAccessorImpl.java:45)
	at java.lang.reflect.Constructor.newInstance(Constructor.java:423)
	at org.openqa.selenium.remote.W3CHandshakeResponse.lambda$new$0(W3CHandshakeResponse.java:57)
	at org.openqa.selenium.remote.W3CHandshakeResponse.lambda$getResponseFunction$2(W3CHandshakeResponse.java:104)
	at org.openqa.selenium.remote.ProtocolHandshake.lambda$createSession$0(ProtocolHandshake.java:123)
	at java.util.stream.ReferencePipeline$3$1.accept(ReferencePipeline.java:193)
	at java.util.Spliterators$ArraySpliterator.tryAdvance(Spliterators.java:958)
	at java.util.stream.ReferencePipeline.forEachWithCancel(ReferencePipeline.java:126)
	at java.util.stream.AbstractPipeline.copyIntoWithCancel(AbstractPipeline.java:498)
	at java.util.stream.AbstractPipeline.copyInto(AbstractPipeline.java:485)
	at java.util.stream.AbstractPipeline.wrapAndCopyInto(AbstractPipeline.java:471)
	at java.util.stream.FindOps$FindOp.evaluateSequential(FindOps.java:152)
	at java.util.stream.AbstractPipeline.evaluate(AbstractPipeline.java:234)
	at java.util.stream.ReferencePipeline.findFirst(ReferencePipeline.java:464)
	at org.openqa.selenium.remote.ProtocolHandshake.createSession(ProtocolHandshake.java:126)
	at org.openqa.selenium.remote.ProtocolHandshake.createSession(ProtocolHandshake.java:73)
	at org.openqa.selenium.remote.HttpCommandExecutor.execute(HttpCommandExecutor.java:142)
	at org.openqa.selenium.remote.service.DriverCommandExecutor.execute(DriverCommandExecutor.java:83)
	at org.openqa.selenium.remote.RemoteWebDriver.execute(RemoteWebDriver.java:601)
	at org.openqa.selenium.remote.RemoteWebDriver.startSession(RemoteWebDriver.java:219)
	at org.openqa.selenium.remote.RemoteWebDriver.<init>(RemoteWebDriver.java:142)
	at org.openqa.selenium.chrome.ChromeDriver.<init>(ChromeDriver.java:181)
	at org.openqa.selenium.chrome.ChromeDriver.<init>(ChromeDriver.java:168)
	at org.openqa.selenium.chrome.ChromeDriver.<init>(ChromeDriver.java:123)
	at org.example.StepDefs.Hooks.openBrowser(Hooks.java:19)
]]></failure>
</testcase>
<testcase classname="F08_FollowUs |  users could open followUs links" name="user opens facebook link" time="10,901.384">
<failure message="unknown error: DevToolsActivePort file doesn't exist&#10;Build info: version: '3.8.0', revision: '924c4067df', time: '2017-11-30T11:20:39.408Z'&#10;System info: host: 'SOMA-PC', ip: '192.168.1.6', os.name: 'Windows 10', os.arch: 'amd64', os.version: '10.0', java.version: '1.8.0_151'&#10;Driver info: driver.version: ChromeDriver&#10;remote stacktrace: Backtrace:&#10;&#9;Ordinal0 [0x0057ACD3+2075859]&#10;&#9;Ordinal0 [0x0050EE61+1633889]&#10;&#9;Ordinal0 [0x0040B7BD+571325]&#10;&#9;Ordinal0 [0x0042D414+709652]&#10;&#9;Ordinal0 [0x00429098+692376]&#10;&#9;Ordinal0 [0x00426BE9+682985]&#10;&#9;Ordinal0 [0x0045DBD3+908243]&#10;&#9;Ordinal0 [0x0045D6AA+906922]&#10;&#9;Ordinal0 [0x00457136+880950]&#10;&#9;Ordinal0 [0x0042FEFD+720637]&#10;&#9;Ordinal0 [0x00430F3F+724799]&#10;&#9;GetHandleVerifier [0x0082EED2+2769538]&#10;&#9;GetHandleVerifier [0x00820D95+2711877]&#10;&#9;GetHandleVerifier [0x0060A03A+521194]&#10;&#9;GetHandleVerifier [0x00608DA0+516432]&#10;&#9;Ordinal0 [0x0051682C+1665068]&#10;&#9;Ordinal0 [0x0051B128+1683752]&#10;&#9;Ordinal0 [0x0051B215+1683989]&#10;&#9;Ordinal0 [0x00526484+1729668]&#10;&#9;BaseThreadInitThunk [0x7555FEF9+25]&#10;&#9;RtlGetAppContainerNamedObjectPath [0x77777BBE+286]&#10;&#9;RtlGetAppContainerNamedObjectPath [0x77777B8E+238]&#10;" type="org.openqa.selenium.WebDriverException"><![CDATA[Given user opens facebook link..............................................skipped
Then "https://www.facebook.com/nopCommerce" is opened in new tab............skipped

StackTrace:
org.openqa.selenium.WebDriverException: unknown error: DevToolsActivePort file doesn't exist
Build info: version: '3.8.0', revision: '924c4067df', time: '2017-11-30T11:20:39.408Z'
System info: host: 'SOMA-PC', ip: '192.168.1.6', os.name: 'Windows 10', os.arch: 'amd64', os.version: '10.0', java.version: '1.8.0_151'
Driver info: driver.version: ChromeDriver
remote stacktrace: Backtrace:
	Ordinal0 [0x0057ACD3+2075859]
	Ordinal0 [0x0050EE61+1633889]
	Ordinal0 [0x0040B7BD+571325]
	Ordinal0 [0x0042D414+709652]
	Ordinal0 [0x00429098+692376]
	Ordinal0 [0x00426BE9+682985]
	Ordinal0 [0x0045DBD3+908243]
	Ordinal0 [0x0045D6AA+906922]
	Ordinal0 [0x00457136+880950]
	Ordinal0 [0x0042FEFD+720637]
	Ordinal0 [0x00430F3F+724799]
	GetHandleVerifier [0x0082EED2+2769538]
	GetHandleVerifier [0x00820D95+2711877]
	GetHandleVerifier [0x0060A03A+521194]
	GetHandleVerifier [0x00608DA0+516432]
	Ordinal0 [0x0051682C+1665068]
	Ordinal0 [0x0051B128+1683752]
	Ordinal0 [0x0051B215+1683989]
	Ordinal0 [0x00526484+1729668]
	BaseThreadInitThunk [0x7555FEF9+25]
	RtlGetAppContainerNamedObjectPath [0x77777BBE+286]
	RtlGetAppContainerNamedObjectPath [0x77777B8E+238]

	at sun.reflect.NativeConstructorAccessorImpl.newInstance0(Native Method)
	at sun.reflect.NativeConstructorAccessorImpl.newInstance(NativeConstructorAccessorImpl.java:62)
	at sun.reflect.DelegatingConstructorAccessorImpl.newInstance(DelegatingConstructorAccessorImpl.java:45)
	at java.lang.reflect.Constructor.newInstance(Constructor.java:423)
	at org.openqa.selenium.remote.W3CHandshakeResponse.lambda$new$0(W3CHandshakeResponse.java:57)
	at org.openqa.selenium.remote.W3CHandshakeResponse.lambda$getResponseFunction$2(W3CHandshakeResponse.java:104)
	at org.openqa.selenium.remote.ProtocolHandshake.lambda$createSession$0(ProtocolHandshake.java:123)
	at java.util.stream.ReferencePipeline$3$1.accept(ReferencePipeline.java:193)
	at java.util.Spliterators$ArraySpliterator.tryAdvance(Spliterators.java:958)
	at java.util.stream.ReferencePipeline.forEachWithCancel(ReferencePipeline.java:126)
	at java.util.stream.AbstractPipeline.copyIntoWithCancel(AbstractPipeline.java:498)
	at java.util.stream.AbstractPipeline.copyInto(AbstractPipeline.java:485)
	at java.util.stream.AbstractPipeline.wrapAndCopyInto(AbstractPipeline.java:471)
	at java.util.stream.FindOps$FindOp.evaluateSequential(FindOps.java:152)
	at java.util.stream.AbstractPipeline.evaluate(AbstractPipeline.java:234)
	at java.util.stream.ReferencePipeline.findFirst(ReferencePipeline.java:464)
	at org.openqa.selenium.remote.ProtocolHandshake.createSession(ProtocolHandshake.java:126)
	at org.openqa.selenium.remote.ProtocolHandshake.createSession(ProtocolHandshake.java:73)
	at org.openqa.selenium.remote.HttpCommandExecutor.execute(HttpCommandExecutor.java:142)
	at org.openqa.selenium.remote.service.DriverCommandExecutor.execute(DriverCommandExecutor.java:83)
	at org.openqa.selenium.remote.RemoteWebDriver.execute(RemoteWebDriver.java:601)
	at org.openqa.selenium.remote.RemoteWebDriver.startSession(RemoteWebDriver.java:219)
	at org.openqa.selenium.remote.RemoteWebDriver.<init>(RemoteWebDriver.java:142)
	at org.openqa.selenium.chrome.ChromeDriver.<init>(ChromeDriver.java:181)
	at org.openqa.selenium.chrome.ChromeDriver.<init>(ChromeDriver.java:168)
	at org.openqa.selenium.chrome.ChromeDriver.<init>(ChromeDriver.java:123)
	at org.example.StepDefs.Hooks.openBrowser(Hooks.java:19)
]]></failure>
</testcase>
<testcase classname="F08_FollowUs |  users could open followUs links" name="user opens twitter link" time="120,459.032">
<failure message="Timed out waiting for driver server to start.&#10;Build info: version: '3.8.0', revision: '924c4067df', time: '2017-11-30T11:20:39.408Z'&#10;System info: host: 'SOMA-PC', ip: '192.168.1.6', os.name: 'Windows 10', os.arch: 'amd64', os.version: '10.0', java.version: '1.8.0_151'&#10;Driver info: driver.version: ChromeDriver" type="org.openqa.selenium.WebDriverException"><![CDATA[When user opens twitter link................................................skipped
Then "https://twitter.com/nopCommerce" is opened in new tab.................skipped

StackTrace:
org.openqa.selenium.WebDriverException: Timed out waiting for driver server to start.
Build info: version: '3.8.0', revision: '924c4067df', time: '2017-11-30T11:20:39.408Z'
System info: host: 'SOMA-PC', ip: '192.168.1.6', os.name: 'Windows 10', os.arch: 'amd64', os.version: '10.0', java.version: '1.8.0_151'
Driver info: driver.version: ChromeDriver
	at org.openqa.selenium.remote.service.DriverService.waitUntilAvailable(DriverService.java:192)
	at org.openqa.selenium.remote.service.DriverService.start(DriverService.java:178)
	at org.openqa.selenium.remote.service.DriverCommandExecutor.execute(DriverCommandExecutor.java:79)
	at org.openqa.selenium.remote.RemoteWebDriver.execute(RemoteWebDriver.java:601)
	at org.openqa.selenium.remote.RemoteWebDriver.startSession(RemoteWebDriver.java:219)
	at org.openqa.selenium.remote.RemoteWebDriver.<init>(RemoteWebDriver.java:142)
	at org.openqa.selenium.chrome.ChromeDriver.<init>(ChromeDriver.java:181)
	at org.openqa.selenium.chrome.ChromeDriver.<init>(ChromeDriver.java:168)
	at org.openqa.selenium.chrome.ChromeDriver.<init>(ChromeDriver.java:123)
	at org.example.StepDefs.Hooks.openBrowser(Hooks.java:19)
Caused by: org.openqa.selenium.net.UrlChecker$TimeoutException: Timed out waiting for [http://localhost:41678/status] to be available after 120465732 ms
	at org.openqa.selenium.net.UrlChecker.waitUntilAvailable(UrlChecker.java:100)
	at org.openqa.selenium.remote.service.DriverService.waitUntilAvailable(DriverService.java:187)
	at org.openqa.selenium.remote.service.DriverService.start(DriverService.java:178)
	at org.openqa.selenium.remote.service.DriverCommandExecutor.execute(DriverCommandExecutor.java:79)
	at org.openqa.selenium.remote.RemoteWebDriver.execute(RemoteWebDriver.java:601)
	at org.openqa.selenium.remote.RemoteWebDriver.startSession(RemoteWebDriver.java:219)
	at org.openqa.selenium.remote.RemoteWebDriver.<init>(RemoteWebDriver.java:142)
	at org.openqa.selenium.chrome.ChromeDriver.<init>(ChromeDriver.java:181)
	at org.openqa.selenium.chrome.ChromeDriver.<init>(ChromeDriver.java:168)
	at org.openqa.selenium.chrome.ChromeDriver.<init>(ChromeDriver.java:123)
	at org.example.StepDefs.Hooks.openBrowser(Hooks.java:19)
	at sun.reflect.NativeMethodAccessorImpl.invoke0(Native Method)
	at sun.reflect.NativeMethodAccessorImpl.invoke(NativeMethodAccessorImpl.java:62)
	at sun.reflect.DelegatingMethodAccessorImpl.invoke(DelegatingMethodAccessorImpl.java:43)
	at java.lang.reflect.Method.invoke(Method.java:498)
	at io.cucumber.java.Invoker.doInvoke(Invoker.java:66)
	at io.cucumber.java.Invoker.invokeStatic(Invoker.java:80)
	at io.cucumber.java.AbstractGlueDefinition.invokeMethod(AbstractGlueDefinition.java:45)
	at io.cucumber.java.JavaHookDefinition.execute(JavaHookDefinition.java:64)
	at io.cucumber.core.runner.CoreHookDefinition.execute(CoreHookDefinition.java:46)
	at io.cucumber.core.runner.HookDefinitionMatch.runStep(HookDefinitionMatch.java:21)
	at io.cucumber.core.runner.ExecutionMode$1.execute(ExecutionMode.java:10)
	at io.cucumber.core.runner.TestStep.executeStep(TestStep.java:85)
	at io.cucumber.core.runner.TestStep.run(TestStep.java:57)
	at io.cucumber.core.runner.TestCase.run(TestCase.java:78)
	at io.cucumber.core.runner.Runner.runPickle(Runner.java:75)
	at io.cucumber.testng.TestNGCucumberRunner.lambda$runScenario$1(TestNGCucumberRunner.java:132)
	at io.cucumber.core.runtime.CucumberExecutionContext.lambda$runTestCase$5(CucumberExecutionContext.java:129)
	at io.cucumber.core.runtime.RethrowingThrowableCollector.executeAndThrow(RethrowingThrowableCollector.java:23)
	at io.cucumber.core.runtime.CucumberExecutionContext.runTestCase(CucumberExecutionContext.java:129)
	at io.cucumber.testng.TestNGCucumberRunner.runScenario(TestNGCucumberRunner.java:129)
	at io.cucumber.testng.AbstractTestNGCucumberTests.runScenario(AbstractTestNGCucumberTests.java:35)
	at sun.reflect.NativeMethodAccessorImpl.invoke0(Native Method)
	at sun.reflect.NativeMethodAccessorImpl.invoke(NativeMethodAccessorImpl.java:62)
	at sun.reflect.DelegatingMethodAccessorImpl.invoke(DelegatingMethodAccessorImpl.java:43)
	at java.lang.reflect.Method.invoke(Method.java:498)
	at org.testng.internal.invokers.MethodInvocationHelper.invokeMethod(MethodInvocationHelper.java:135)
	at org.testng.internal.invokers.TestInvoker.invokeMethod(TestInvoker.java:673)
	at org.testng.internal.invokers.TestInvoker.invokeTestMethod(TestInvoker.java:220)
	at org.testng.internal.invokers.MethodRunner.runInSequence(MethodRunner.java:50)
	at org.testng.internal.invokers.TestInvoker$MethodInvocationAgent.invoke(TestInvoker.java:945)
	at org.testng.internal.invokers.TestInvoker.invokeTestMethods(TestInvoker.java:193)
	at org.testng.internal.invokers.TestMethodWorker.invokeTestMethods(TestMethodWorker.java:146)
	at org.testng.internal.invokers.TestMethodWorker.run(TestMethodWorker.java:128)
	at java.util.ArrayList.forEach(ArrayList.java:1255)
	at org.testng.TestRunner.privateRun(TestRunner.java:808)
	at org.testng.TestRunner.run(TestRunner.java:603)
	at org.testng.SuiteRunner.runTest(SuiteRunner.java:429)
	at org.testng.SuiteRunner.runSequentially(SuiteRunner.java:423)
	at org.testng.SuiteRunner.privateRun(SuiteRunner.java:383)
	at org.testng.SuiteRunner.run(SuiteRunner.java:326)
	at org.testng.SuiteRunnerWorker.runSuite(SuiteRunnerWorker.java:52)
	at org.testng.SuiteRunnerWorker.run(SuiteRunnerWorker.java:95)
	at org.testng.TestNG.runSuitesSequentially(TestNG.java:1249)
	at org.testng.TestNG.runSuitesLocally(TestNG.java:1169)
	at org.testng.TestNG.runSuites(TestNG.java:1092)
	at org.testng.TestNG.run(TestNG.java:1060)
	at com.intellij.rt.testng.IDEARemoteTestNG.run(IDEARemoteTestNG.java:66)
	at com.intellij.rt.testng.RemoteTestNGStarter.main(RemoteTestNGStarter.java:109)
Caused by: java.util.concurrent.TimeoutException
	at java.util.concurrent.FutureTask.get(FutureTask.java:205)
	at com.google.common.util.concurrent.SimpleTimeLimiter.callWithTimeout(SimpleTimeLimiter.java:147)
	at org.openqa.selenium.net.UrlChecker.waitUntilAvailable(UrlChecker.java:75)
	... 58 more
]]></failure>
</testcase>
<testcase classname="F08_FollowUs |  users could open followUs links" name="user opens rss link" time="23.901">
<failure message="Timed out waiting for driver server to start.&#10;Build info: version: '3.8.0', revision: '924c4067df', time: '2017-11-30T11:20:39.408Z'&#10;System info: host: 'SOMA-PC', ip: '192.168.1.6', os.name: 'Windows 10', os.arch: 'amd64', os.version: '10.0', java.version: '1.8.0_151'&#10;Driver info: driver.version: ChromeDriver" type="org.openqa.selenium.WebDriverException"><![CDATA[When user opens rss link....................................................skipped
Then "https://demo.nopcommerce.com/new-online-store-is-open" is opened in new tab.skipped

StackTrace:
org.openqa.selenium.WebDriverException: Timed out waiting for driver server to start.
Build info: version: '3.8.0', revision: '924c4067df', time: '2017-11-30T11:20:39.408Z'
System info: host: 'SOMA-PC', ip: '192.168.1.6', os.name: 'Windows 10', os.arch: 'amd64', os.version: '10.0', java.version: '1.8.0_151'
Driver info: driver.version: ChromeDriver
	at org.openqa.selenium.remote.service.DriverService.waitUntilAvailable(DriverService.java:192)
	at org.openqa.selenium.remote.service.DriverService.start(DriverService.java:178)
	at org.openqa.selenium.remote.service.DriverCommandExecutor.execute(DriverCommandExecutor.java:79)
	at org.openqa.selenium.remote.RemoteWebDriver.execute(RemoteWebDriver.java:601)
	at org.openqa.selenium.remote.RemoteWebDriver.startSession(RemoteWebDriver.java:219)
	at org.openqa.selenium.remote.RemoteWebDriver.<init>(RemoteWebDriver.java:142)
	at org.openqa.selenium.chrome.ChromeDriver.<init>(ChromeDriver.java:181)
	at org.openqa.selenium.chrome.ChromeDriver.<init>(ChromeDriver.java:168)
	at org.openqa.selenium.chrome.ChromeDriver.<init>(ChromeDriver.java:123)
	at org.example.StepDefs.Hooks.openBrowser(Hooks.java:19)
Caused by: org.openqa.selenium.net.UrlChecker$TimeoutException: Timed out waiting for [http://localhost:37612/status] to be available after 20012 ms
	at org.openqa.selenium.net.UrlChecker.waitUntilAvailable(UrlChecker.java:100)
	at org.openqa.selenium.remote.service.DriverService.waitUntilAvailable(DriverService.java:187)
	at org.openqa.selenium.remote.service.DriverService.start(DriverService.java:178)
	at org.openqa.selenium.remote.service.DriverCommandExecutor.execute(DriverCommandExecutor.java:79)
	at org.openqa.selenium.remote.RemoteWebDriver.execute(RemoteWebDriver.java:601)
	at org.openqa.selenium.remote.RemoteWebDriver.startSession(RemoteWebDriver.java:219)
	at org.openqa.selenium.remote.RemoteWebDriver.<init>(RemoteWebDriver.java:142)
	at org.openqa.selenium.chrome.ChromeDriver.<init>(ChromeDriver.java:181)
	at org.openqa.selenium.chrome.ChromeDriver.<init>(ChromeDriver.java:168)
	at org.openqa.selenium.chrome.ChromeDriver.<init>(ChromeDriver.java:123)
	at org.example.StepDefs.Hooks.openBrowser(Hooks.java:19)
	at sun.reflect.NativeMethodAccessorImpl.invoke0(Native Method)
	at sun.reflect.NativeMethodAccessorImpl.invoke(NativeMethodAccessorImpl.java:62)
	at sun.reflect.DelegatingMethodAccessorImpl.invoke(DelegatingMethodAccessorImpl.java:43)
	at java.lang.reflect.Method.invoke(Method.java:498)
	at io.cucumber.java.Invoker.doInvoke(Invoker.java:66)
	at io.cucumber.java.Invoker.invokeStatic(Invoker.java:80)
	at io.cucumber.java.AbstractGlueDefinition.invokeMethod(AbstractGlueDefinition.java:45)
	at io.cucumber.java.JavaHookDefinition.execute(JavaHookDefinition.java:64)
	at io.cucumber.core.runner.CoreHookDefinition.execute(CoreHookDefinition.java:46)
	at io.cucumber.core.runner.HookDefinitionMatch.runStep(HookDefinitionMatch.java:21)
	at io.cucumber.core.runner.ExecutionMode$1.execute(ExecutionMode.java:10)
	at io.cucumber.core.runner.TestStep.executeStep(TestStep.java:85)
	at io.cucumber.core.runner.TestStep.run(TestStep.java:57)
	at io.cucumber.core.runner.TestCase.run(TestCase.java:78)
	at io.cucumber.core.runner.Runner.runPickle(Runner.java:75)
	at io.cucumber.testng.TestNGCucumberRunner.lambda$runScenario$1(TestNGCucumberRunner.java:132)
	at io.cucumber.core.runtime.CucumberExecutionContext.lambda$runTestCase$5(CucumberExecutionContext.java:129)
	at io.cucumber.core.runtime.RethrowingThrowableCollector.executeAndThrow(RethrowingThrowableCollector.java:23)
	at io.cucumber.core.runtime.CucumberExecutionContext.runTestCase(CucumberExecutionContext.java:129)
	at io.cucumber.testng.TestNGCucumberRunner.runScenario(TestNGCucumberRunner.java:129)
	at io.cucumber.testng.AbstractTestNGCucumberTests.runScenario(AbstractTestNGCucumberTests.java:35)
	at sun.reflect.NativeMethodAccessorImpl.invoke0(Native Method)
	at sun.reflect.NativeMethodAccessorImpl.invoke(NativeMethodAccessorImpl.java:62)
	at sun.reflect.DelegatingMethodAccessorImpl.invoke(DelegatingMethodAccessorImpl.java:43)
	at java.lang.reflect.Method.invoke(Method.java:498)
	at org.testng.internal.invokers.MethodInvocationHelper.invokeMethod(MethodInvocationHelper.java:135)
	at org.testng.internal.invokers.TestInvoker.invokeMethod(TestInvoker.java:673)
	at org.testng.internal.invokers.TestInvoker.invokeTestMethod(TestInvoker.java:220)
	at org.testng.internal.invokers.MethodRunner.runInSequence(MethodRunner.java:50)
	at org.testng.internal.invokers.TestInvoker$MethodInvocationAgent.invoke(TestInvoker.java:945)
	at org.testng.internal.invokers.TestInvoker.invokeTestMethods(TestInvoker.java:193)
	at org.testng.internal.invokers.TestMethodWorker.invokeTestMethods(TestMethodWorker.java:146)
	at org.testng.internal.invokers.TestMethodWorker.run(TestMethodWorker.java:128)
	at java.util.ArrayList.forEach(ArrayList.java:1255)
	at org.testng.TestRunner.privateRun(TestRunner.java:808)
	at org.testng.TestRunner.run(TestRunner.java:603)
	at org.testng.SuiteRunner.runTest(SuiteRunner.java:429)
	at org.testng.SuiteRunner.runSequentially(SuiteRunner.java:423)
	at org.testng.SuiteRunner.privateRun(SuiteRunner.java:383)
	at org.testng.SuiteRunner.run(SuiteRunner.java:326)
	at org.testng.SuiteRunnerWorker.runSuite(SuiteRunnerWorker.java:52)
	at org.testng.SuiteRunnerWorker.run(SuiteRunnerWorker.java:95)
	at org.testng.TestNG.runSuitesSequentially(TestNG.java:1249)
	at org.testng.TestNG.runSuitesLocally(TestNG.java:1169)
	at org.testng.TestNG.runSuites(TestNG.java:1092)
	at org.testng.TestNG.run(TestNG.java:1060)
	at com.intellij.rt.testng.IDEARemoteTestNG.run(IDEARemoteTestNG.java:66)
	at com.intellij.rt.testng.RemoteTestNGStarter.main(RemoteTestNGStarter.java:109)
Caused by: java.util.concurrent.TimeoutException
	at java.util.concurrent.FutureTask.get(FutureTask.java:205)
	at com.google.common.util.concurrent.SimpleTimeLimiter.callWithTimeout(SimpleTimeLimiter.java:147)
	at org.openqa.selenium.net.UrlChecker.waitUntilAvailable(UrlChecker.java:75)
	... 58 more
]]></failure>
</testcase>
<testcase classname="F08_FollowUs |  users could open followUs links" name="user opens youtube link" time="27.386">
<failure message="Timed out waiting for driver server to start.&#10;Build info: version: '3.8.0', revision: '924c4067df', time: '2017-11-30T11:20:39.408Z'&#10;System info: host: 'SOMA-PC', ip: '192.168.1.6', os.name: 'Windows 10', os.arch: 'amd64', os.version: '10.0', java.version: '1.8.0_151'&#10;Driver info: driver.version: ChromeDriver" type="org.openqa.selenium.WebDriverException"><![CDATA[When user opens youtube link................................................skipped
Then "https://www.youtube.com/user/nopCommerce" is opened in new tab........skipped

StackTrace:
org.openqa.selenium.WebDriverException: Timed out waiting for driver server to start.
Build info: version: '3.8.0', revision: '924c4067df', time: '2017-11-30T11:20:39.408Z'
System info: host: 'SOMA-PC', ip: '192.168.1.6', os.name: 'Windows 10', os.arch: 'amd64', os.version: '10.0', java.version: '1.8.0_151'
Driver info: driver.version: ChromeDriver
	at org.openqa.selenium.remote.service.DriverService.waitUntilAvailable(DriverService.java:192)
	at org.openqa.selenium.remote.service.DriverService.start(DriverService.java:178)
	at org.openqa.selenium.remote.service.DriverCommandExecutor.execute(DriverCommandExecutor.java:79)
	at org.openqa.selenium.remote.RemoteWebDriver.execute(RemoteWebDriver.java:601)
	at org.openqa.selenium.remote.RemoteWebDriver.startSession(RemoteWebDriver.java:219)
	at org.openqa.selenium.remote.RemoteWebDriver.<init>(RemoteWebDriver.java:142)
	at org.openqa.selenium.chrome.ChromeDriver.<init>(ChromeDriver.java:181)
	at org.openqa.selenium.chrome.ChromeDriver.<init>(ChromeDriver.java:168)
	at org.openqa.selenium.chrome.ChromeDriver.<init>(ChromeDriver.java:123)
	at org.example.StepDefs.Hooks.openBrowser(Hooks.java:19)
Caused by: org.openqa.selenium.net.UrlChecker$TimeoutException: Timed out waiting for [http://localhost:26143/status] to be available after 20012 ms
	at org.openqa.selenium.net.UrlChecker.waitUntilAvailable(UrlChecker.java:100)
	at org.openqa.selenium.remote.service.DriverService.waitUntilAvailable(DriverService.java:187)
	at org.openqa.selenium.remote.service.DriverService.start(DriverService.java:178)
	at org.openqa.selenium.remote.service.DriverCommandExecutor.execute(DriverCommandExecutor.java:79)
	at org.openqa.selenium.remote.RemoteWebDriver.execute(RemoteWebDriver.java:601)
	at org.openqa.selenium.remote.RemoteWebDriver.startSession(RemoteWebDriver.java:219)
	at org.openqa.selenium.remote.RemoteWebDriver.<init>(RemoteWebDriver.java:142)
	at org.openqa.selenium.chrome.ChromeDriver.<init>(ChromeDriver.java:181)
	at org.openqa.selenium.chrome.ChromeDriver.<init>(ChromeDriver.java:168)
	at org.openqa.selenium.chrome.ChromeDriver.<init>(ChromeDriver.java:123)
	at org.example.StepDefs.Hooks.openBrowser(Hooks.java:19)
	at sun.reflect.NativeMethodAccessorImpl.invoke0(Native Method)
	at sun.reflect.NativeMethodAccessorImpl.invoke(NativeMethodAccessorImpl.java:62)
	at sun.reflect.DelegatingMethodAccessorImpl.invoke(DelegatingMethodAccessorImpl.java:43)
	at java.lang.reflect.Method.invoke(Method.java:498)
	at io.cucumber.java.Invoker.doInvoke(Invoker.java:66)
	at io.cucumber.java.Invoker.invokeStatic(Invoker.java:80)
	at io.cucumber.java.AbstractGlueDefinition.invokeMethod(AbstractGlueDefinition.java:45)
	at io.cucumber.java.JavaHookDefinition.execute(JavaHookDefinition.java:64)
	at io.cucumber.core.runner.CoreHookDefinition.execute(CoreHookDefinition.java:46)
	at io.cucumber.core.runner.HookDefinitionMatch.runStep(HookDefinitionMatch.java:21)
	at io.cucumber.core.runner.ExecutionMode$1.execute(ExecutionMode.java:10)
	at io.cucumber.core.runner.TestStep.executeStep(TestStep.java:85)
	at io.cucumber.core.runner.TestStep.run(TestStep.java:57)
	at io.cucumber.core.runner.TestCase.run(TestCase.java:78)
	at io.cucumber.core.runner.Runner.runPickle(Runner.java:75)
	at io.cucumber.testng.TestNGCucumberRunner.lambda$runScenario$1(TestNGCucumberRunner.java:132)
	at io.cucumber.core.runtime.CucumberExecutionContext.lambda$runTestCase$5(CucumberExecutionContext.java:129)
	at io.cucumber.core.runtime.RethrowingThrowableCollector.executeAndThrow(RethrowingThrowableCollector.java:23)
	at io.cucumber.core.runtime.CucumberExecutionContext.runTestCase(CucumberExecutionContext.java:129)
	at io.cucumber.testng.TestNGCucumberRunner.runScenario(TestNGCucumberRunner.java:129)
	at io.cucumber.testng.AbstractTestNGCucumberTests.runScenario(AbstractTestNGCucumberTests.java:35)
	at sun.reflect.NativeMethodAccessorImpl.invoke0(Native Method)
	at sun.reflect.NativeMethodAccessorImpl.invoke(NativeMethodAccessorImpl.java:62)
	at sun.reflect.DelegatingMethodAccessorImpl.invoke(DelegatingMethodAccessorImpl.java:43)
	at java.lang.reflect.Method.invoke(Method.java:498)
	at org.testng.internal.invokers.MethodInvocationHelper.invokeMethod(MethodInvocationHelper.java:135)
	at org.testng.internal.invokers.TestInvoker.invokeMethod(TestInvoker.java:673)
	at org.testng.internal.invokers.TestInvoker.invokeTestMethod(TestInvoker.java:220)
	at org.testng.internal.invokers.MethodRunner.runInSequence(MethodRunner.java:50)
	at org.testng.internal.invokers.TestInvoker$MethodInvocationAgent.invoke(TestInvoker.java:945)
	at org.testng.internal.invokers.TestInvoker.invokeTestMethods(TestInvoker.java:193)
	at org.testng.internal.invokers.TestMethodWorker.invokeTestMethods(TestMethodWorker.java:146)
	at org.testng.internal.invokers.TestMethodWorker.run(TestMethodWorker.java:128)
	at java.util.ArrayList.forEach(ArrayList.java:1255)
	at org.testng.TestRunner.privateRun(TestRunner.java:808)
	at org.testng.TestRunner.run(TestRunner.java:603)
	at org.testng.SuiteRunner.runTest(SuiteRunner.java:429)
	at org.testng.SuiteRunner.runSequentially(SuiteRunner.java:423)
	at org.testng.SuiteRunner.privateRun(SuiteRunner.java:383)
	at org.testng.SuiteRunner.run(SuiteRunner.java:326)
	at org.testng.SuiteRunnerWorker.runSuite(SuiteRunnerWorker.java:52)
	at org.testng.SuiteRunnerWorker.run(SuiteRunnerWorker.java:95)
	at org.testng.TestNG.runSuitesSequentially(TestNG.java:1249)
	at org.testng.TestNG.runSuitesLocally(TestNG.java:1169)
	at org.testng.TestNG.runSuites(TestNG.java:1092)
	at org.testng.TestNG.run(TestNG.java:1060)
	at com.intellij.rt.testng.IDEARemoteTestNG.run(IDEARemoteTestNG.java:66)
	at com.intellij.rt.testng.RemoteTestNGStarter.main(RemoteTestNGStarter.java:109)
Caused by: java.util.concurrent.TimeoutException
	at java.util.concurrent.FutureTask.get(FutureTask.java:205)
	at com.google.common.util.concurrent.SimpleTimeLimiter.callWithTimeout(SimpleTimeLimiter.java:147)
	at org.openqa.selenium.net.UrlChecker.waitUntilAvailable(UrlChecker.java:75)
	... 58 more
]]></failure>
</testcase>
<testcase classname="F05_FollowUs |User could add products to wishlist" name="success message is visible after adding item to wishlist" time="76.714">
<failure message="unknown error: DevToolsActivePort file doesn't exist&#10;Build info: version: '3.8.0', revision: '924c4067df', time: '2017-11-30T11:20:39.408Z'&#10;System info: host: 'SOMA-PC', ip: '192.168.1.6', os.name: 'Windows 10', os.arch: 'amd64', os.version: '10.0', java.version: '1.8.0_151'&#10;Driver info: driver.version: ChromeDriver&#10;remote stacktrace: Backtrace:&#10;&#9;Ordinal0 [0x0057ACD3+2075859]&#10;&#9;Ordinal0 [0x0050EE61+1633889]&#10;&#9;Ordinal0 [0x0040B7BD+571325]&#10;&#9;Ordinal0 [0x0042D414+709652]&#10;&#9;Ordinal0 [0x00429098+692376]&#10;&#9;Ordinal0 [0x00426BE9+682985]&#10;&#9;Ordinal0 [0x0045DBD3+908243]&#10;&#9;Ordinal0 [0x0045D6AA+906922]&#10;&#9;Ordinal0 [0x00457136+880950]&#10;&#9;Ordinal0 [0x0042FEFD+720637]&#10;&#9;Ordinal0 [0x00430F3F+724799]&#10;&#9;GetHandleVerifier [0x0082EED2+2769538]&#10;&#9;GetHandleVerifier [0x00820D95+2711877]&#10;&#9;GetHandleVerifier [0x0060A03A+521194]&#10;&#9;GetHandleVerifier [0x00608DA0+516432]&#10;&#9;Ordinal0 [0x0051682C+1665068]&#10;&#9;Ordinal0 [0x0051B128+1683752]&#10;&#9;Ordinal0 [0x0051B215+1683989]&#10;&#9;Ordinal0 [0x00526484+1729668]&#10;&#9;BaseThreadInitThunk [0x7555FEF9+25]&#10;&#9;RtlGetAppContainerNamedObjectPath [0x77777BBE+286]&#10;&#9;RtlGetAppContainerNamedObjectPath [0x77777B8E+238]&#10;" type="org.openqa.selenium.WebDriverException"><![CDATA[When user navigate to login page............................................skipped
And user enter "Hadeermoaaz6@gmial.com" and "Vois@202020"...................skipped
Then user click on login button.............................................skipped
And user could login successfully and go to home page.......................skipped
When user add item to wishlist..............................................skipped
Then wishlist success operation massage is visible..........................skipped

StackTrace:
org.openqa.selenium.WebDriverException: unknown error: DevToolsActivePort file doesn't exist
Build info: version: '3.8.0', revision: '924c4067df', time: '2017-11-30T11:20:39.408Z'
System info: host: 'SOMA-PC', ip: '192.168.1.6', os.name: 'Windows 10', os.arch: 'amd64', os.version: '10.0', java.version: '1.8.0_151'
Driver info: driver.version: ChromeDriver
remote stacktrace: Backtrace:
	Ordinal0 [0x0057ACD3+2075859]
	Ordinal0 [0x0050EE61+1633889]
	Ordinal0 [0x0040B7BD+571325]
	Ordinal0 [0x0042D414+709652]
	Ordinal0 [0x00429098+692376]
	Ordinal0 [0x00426BE9+682985]
	Ordinal0 [0x0045DBD3+908243]
	Ordinal0 [0x0045D6AA+906922]
	Ordinal0 [0x00457136+880950]
	Ordinal0 [0x0042FEFD+720637]
	Ordinal0 [0x00430F3F+724799]
	GetHandleVerifier [0x0082EED2+2769538]
	GetHandleVerifier [0x00820D95+2711877]
	GetHandleVerifier [0x0060A03A+521194]
	GetHandleVerifier [0x00608DA0+516432]
	Ordinal0 [0x0051682C+1665068]
	Ordinal0 [0x0051B128+1683752]
	Ordinal0 [0x0051B215+1683989]
	Ordinal0 [0x00526484+1729668]
	BaseThreadInitThunk [0x7555FEF9+25]
	RtlGetAppContainerNamedObjectPath [0x77777BBE+286]
	RtlGetAppContainerNamedObjectPath [0x77777B8E+238]

	at sun.reflect.NativeConstructorAccessorImpl.newInstance0(Native Method)
	at sun.reflect.NativeConstructorAccessorImpl.newInstance(NativeConstructorAccessorImpl.java:62)
	at sun.reflect.DelegatingConstructorAccessorImpl.newInstance(DelegatingConstructorAccessorImpl.java:45)
	at java.lang.reflect.Constructor.newInstance(Constructor.java:423)
	at org.openqa.selenium.remote.W3CHandshakeResponse.lambda$new$0(W3CHandshakeResponse.java:57)
	at org.openqa.selenium.remote.W3CHandshakeResponse.lambda$getResponseFunction$2(W3CHandshakeResponse.java:104)
	at org.openqa.selenium.remote.ProtocolHandshake.lambda$createSession$0(ProtocolHandshake.java:123)
	at java.util.stream.ReferencePipeline$3$1.accept(ReferencePipeline.java:193)
	at java.util.Spliterators$ArraySpliterator.tryAdvance(Spliterators.java:958)
	at java.util.stream.ReferencePipeline.forEachWithCancel(ReferencePipeline.java:126)
	at java.util.stream.AbstractPipeline.copyIntoWithCancel(AbstractPipeline.java:498)
	at java.util.stream.AbstractPipeline.copyInto(AbstractPipeline.java:485)
	at java.util.stream.AbstractPipeline.wrapAndCopyInto(AbstractPipeline.java:471)
	at java.util.stream.FindOps$FindOp.evaluateSequential(FindOps.java:152)
	at java.util.stream.AbstractPipeline.evaluate(AbstractPipeline.java:234)
	at java.util.stream.ReferencePipeline.findFirst(ReferencePipeline.java:464)
	at org.openqa.selenium.remote.ProtocolHandshake.createSession(ProtocolHandshake.java:126)
	at org.openqa.selenium.remote.ProtocolHandshake.createSession(ProtocolHandshake.java:73)
	at org.openqa.selenium.remote.HttpCommandExecutor.execute(HttpCommandExecutor.java:142)
	at org.openqa.selenium.remote.service.DriverCommandExecutor.execute(DriverCommandExecutor.java:83)
	at org.openqa.selenium.remote.RemoteWebDriver.execute(RemoteWebDriver.java:601)
	at org.openqa.selenium.remote.RemoteWebDriver.startSession(RemoteWebDriver.java:219)
	at org.openqa.selenium.remote.RemoteWebDriver.<init>(RemoteWebDriver.java:142)
	at org.openqa.selenium.chrome.ChromeDriver.<init>(ChromeDriver.java:181)
	at org.openqa.selenium.chrome.ChromeDriver.<init>(ChromeDriver.java:168)
	at org.openqa.selenium.chrome.ChromeDriver.<init>(ChromeDriver.java:123)
	at org.example.StepDefs.Hooks.openBrowser(Hooks.java:19)
]]></failure>
</testcase>
<testcase classname="F05_FollowUs |User could add products to wishlist" name="number of wishlist items in home page is increased" time="143.776">
<failure message="unknown error: DevToolsActivePort file doesn't exist&#10;Build info: version: '3.8.0', revision: '924c4067df', time: '2017-11-30T11:20:39.408Z'&#10;System info: host: 'SOMA-PC', ip: '192.168.1.6', os.name: 'Windows 10', os.arch: 'amd64', os.version: '10.0', java.version: '1.8.0_151'&#10;Driver info: driver.version: ChromeDriver&#10;remote stacktrace: Backtrace:&#10;&#9;Ordinal0 [0x0057ACD3+2075859]&#10;&#9;Ordinal0 [0x0050EE61+1633889]&#10;&#9;Ordinal0 [0x0040B7BD+571325]&#10;&#9;Ordinal0 [0x0042D414+709652]&#10;&#9;Ordinal0 [0x00429098+692376]&#10;&#9;Ordinal0 [0x00426BE9+682985]&#10;&#9;Ordinal0 [0x0045DBD3+908243]&#10;&#9;Ordinal0 [0x0045D6AA+906922]&#10;&#9;Ordinal0 [0x00457136+880950]&#10;&#9;Ordinal0 [0x0042FEFD+720637]&#10;&#9;Ordinal0 [0x00430F3F+724799]&#10;&#9;GetHandleVerifier [0x0082EED2+2769538]&#10;&#9;GetHandleVerifier [0x00820D95+2711877]&#10;&#9;GetHandleVerifier [0x0060A03A+521194]&#10;&#9;GetHandleVerifier [0x00608DA0+516432]&#10;&#9;Ordinal0 [0x0051682C+1665068]&#10;&#9;Ordinal0 [0x0051B128+1683752]&#10;&#9;Ordinal0 [0x0051B215+1683989]&#10;&#9;Ordinal0 [0x00526484+1729668]&#10;&#9;BaseThreadInitThunk [0x7555FEF9+25]&#10;&#9;RtlGetAppContainerNamedObjectPath [0x77777BBE+286]&#10;&#9;RtlGetAppContainerNamedObjectPath [0x77777B8E+238]&#10;" type="org.openqa.selenium.WebDriverException"><![CDATA[When user navigate to login page............................................skipped
And user enter "Hadeermoaaz6@gmial.com" and "Vois@202020"...................skipped
Then user click on login button.............................................skipped
And user could login successfully and go to home page.......................skipped
When user add item to wishlist..............................................skipped
Then wishlist success operation massage is visible..........................skipped
And user can get the number of wishlist items added.........................skipped
Then the number of wishlist increased.......................................skipped

StackTrace:
org.openqa.selenium.WebDriverException: unknown error: DevToolsActivePort file doesn't exist
Build info: version: '3.8.0', revision: '924c4067df', time: '2017-11-30T11:20:39.408Z'
System info: host: 'SOMA-PC', ip: '192.168.1.6', os.name: 'Windows 10', os.arch: 'amd64', os.version: '10.0', java.version: '1.8.0_151'
Driver info: driver.version: ChromeDriver
remote stacktrace: Backtrace:
	Ordinal0 [0x0057ACD3+2075859]
	Ordinal0 [0x0050EE61+1633889]
	Ordinal0 [0x0040B7BD+571325]
	Ordinal0 [0x0042D414+709652]
	Ordinal0 [0x00429098+692376]
	Ordinal0 [0x00426BE9+682985]
	Ordinal0 [0x0045DBD3+908243]
	Ordinal0 [0x0045D6AA+906922]
	Ordinal0 [0x00457136+880950]
	Ordinal0 [0x0042FEFD+720637]
	Ordinal0 [0x00430F3F+724799]
	GetHandleVerifier [0x0082EED2+2769538]
	GetHandleVerifier [0x00820D95+2711877]
	GetHandleVerifier [0x0060A03A+521194]
	GetHandleVerifier [0x00608DA0+516432]
	Ordinal0 [0x0051682C+1665068]
	Ordinal0 [0x0051B128+1683752]
	Ordinal0 [0x0051B215+1683989]
	Ordinal0 [0x00526484+1729668]
	BaseThreadInitThunk [0x7555FEF9+25]
	RtlGetAppContainerNamedObjectPath [0x77777BBE+286]
	RtlGetAppContainerNamedObjectPath [0x77777B8E+238]

	at sun.reflect.NativeConstructorAccessorImpl.newInstance0(Native Method)
	at sun.reflect.NativeConstructorAccessorImpl.newInstance(NativeConstructorAccessorImpl.java:62)
	at sun.reflect.DelegatingConstructorAccessorImpl.newInstance(DelegatingConstructorAccessorImpl.java:45)
	at java.lang.reflect.Constructor.newInstance(Constructor.java:423)
	at org.openqa.selenium.remote.W3CHandshakeResponse.lambda$new$0(W3CHandshakeResponse.java:57)
	at org.openqa.selenium.remote.W3CHandshakeResponse.lambda$getResponseFunction$2(W3CHandshakeResponse.java:104)
	at org.openqa.selenium.remote.ProtocolHandshake.lambda$createSession$0(ProtocolHandshake.java:123)
	at java.util.stream.ReferencePipeline$3$1.accept(ReferencePipeline.java:193)
	at java.util.Spliterators$ArraySpliterator.tryAdvance(Spliterators.java:958)
	at java.util.stream.ReferencePipeline.forEachWithCancel(ReferencePipeline.java:126)
	at java.util.stream.AbstractPipeline.copyIntoWithCancel(AbstractPipeline.java:498)
	at java.util.stream.AbstractPipeline.copyInto(AbstractPipeline.java:485)
	at java.util.stream.AbstractPipeline.wrapAndCopyInto(AbstractPipeline.java:471)
	at java.util.stream.FindOps$FindOp.evaluateSequential(FindOps.java:152)
	at java.util.stream.AbstractPipeline.evaluate(AbstractPipeline.java:234)
	at java.util.stream.ReferencePipeline.findFirst(ReferencePipeline.java:464)
	at org.openqa.selenium.remote.ProtocolHandshake.createSession(ProtocolHandshake.java:126)
	at org.openqa.selenium.remote.ProtocolHandshake.createSession(ProtocolHandshake.java:73)
	at org.openqa.selenium.remote.HttpCommandExecutor.execute(HttpCommandExecutor.java:142)
	at org.openqa.selenium.remote.service.DriverCommandExecutor.execute(DriverCommandExecutor.java:83)
	at org.openqa.selenium.remote.RemoteWebDriver.execute(RemoteWebDriver.java:601)
	at org.openqa.selenium.remote.RemoteWebDriver.startSession(RemoteWebDriver.java:219)
	at org.openqa.selenium.remote.RemoteWebDriver.<init>(RemoteWebDriver.java:142)
	at org.openqa.selenium.chrome.ChromeDriver.<init>(ChromeDriver.java:181)
	at org.openqa.selenium.chrome.ChromeDriver.<init>(ChromeDriver.java:168)
	at org.openqa.selenium.chrome.ChromeDriver.<init>(ChromeDriver.java:123)
	at org.example.StepDefs.Hooks.openBrowser(Hooks.java:19)
]]></failure>
</testcase>
<testcase classname="F05_FollowUs |User could add products to wishlist" name="added items are displayed on wishlist" time="80.699">
<failure message="unknown error: DevToolsActivePort file doesn't exist&#10;Build info: version: '3.8.0', revision: '924c4067df', time: '2017-11-30T11:20:39.408Z'&#10;System info: host: 'SOMA-PC', ip: '192.168.1.6', os.name: 'Windows 10', os.arch: 'amd64', os.version: '10.0', java.version: '1.8.0_151'&#10;Driver info: driver.version: ChromeDriver&#10;remote stacktrace: Backtrace:&#10;&#9;Ordinal0 [0x0057ACD3+2075859]&#10;&#9;Ordinal0 [0x0050EE61+1633889]&#10;&#9;Ordinal0 [0x0040B7BD+571325]&#10;&#9;Ordinal0 [0x0042D414+709652]&#10;&#9;Ordinal0 [0x00429098+692376]&#10;&#9;Ordinal0 [0x00426BE9+682985]&#10;&#9;Ordinal0 [0x0045DBD3+908243]&#10;&#9;Ordinal0 [0x0045D6AA+906922]&#10;&#9;Ordinal0 [0x00457136+880950]&#10;&#9;Ordinal0 [0x0042FEFD+720637]&#10;&#9;Ordinal0 [0x00430F3F+724799]&#10;&#9;GetHandleVerifier [0x0082EED2+2769538]&#10;&#9;GetHandleVerifier [0x00820D95+2711877]&#10;&#9;GetHandleVerifier [0x0060A03A+521194]&#10;&#9;GetHandleVerifier [0x00608DA0+516432]&#10;&#9;Ordinal0 [0x0051682C+1665068]&#10;&#9;Ordinal0 [0x0051B128+1683752]&#10;&#9;Ordinal0 [0x0051B215+1683989]&#10;&#9;Ordinal0 [0x00526484+1729668]&#10;&#9;BaseThreadInitThunk [0x7555FEF9+25]&#10;&#9;RtlGetAppContainerNamedObjectPath [0x77777BBE+286]&#10;&#9;RtlGetAppContainerNamedObjectPath [0x77777B8E+238]&#10;" type="org.openqa.selenium.WebDriverException"><![CDATA[When user navigate to login page............................................skipped
And user enter "Hadeermoaaz6@gmial.com" and "Vois@202020"...................skipped
Then user click on login button.............................................skipped
And user could login successfully and go to home page.......................skipped
When user add item to wishlist..............................................skipped
Then wishlist success operation massage is visible..........................skipped
And user can get the number of wishlist items added.........................skipped
And user can go to wishlist page............................................skipped
Then the number of items greater than zero in wishlist page.................skipped

StackTrace:
org.openqa.selenium.WebDriverException: unknown error: DevToolsActivePort file doesn't exist
Build info: version: '3.8.0', revision: '924c4067df', time: '2017-11-30T11:20:39.408Z'
System info: host: 'SOMA-PC', ip: '192.168.1.6', os.name: 'Windows 10', os.arch: 'amd64', os.version: '10.0', java.version: '1.8.0_151'
Driver info: driver.version: ChromeDriver
remote stacktrace: Backtrace:
	Ordinal0 [0x0057ACD3+2075859]
	Ordinal0 [0x0050EE61+1633889]
	Ordinal0 [0x0040B7BD+571325]
	Ordinal0 [0x0042D414+709652]
	Ordinal0 [0x00429098+692376]
	Ordinal0 [0x00426BE9+682985]
	Ordinal0 [0x0045DBD3+908243]
	Ordinal0 [0x0045D6AA+906922]
	Ordinal0 [0x00457136+880950]
	Ordinal0 [0x0042FEFD+720637]
	Ordinal0 [0x00430F3F+724799]
	GetHandleVerifier [0x0082EED2+2769538]
	GetHandleVerifier [0x00820D95+2711877]
	GetHandleVerifier [0x0060A03A+521194]
	GetHandleVerifier [0x00608DA0+516432]
	Ordinal0 [0x0051682C+1665068]
	Ordinal0 [0x0051B128+1683752]
	Ordinal0 [0x0051B215+1683989]
	Ordinal0 [0x00526484+1729668]
	BaseThreadInitThunk [0x7555FEF9+25]
	RtlGetAppContainerNamedObjectPath [0x77777BBE+286]
	RtlGetAppContainerNamedObjectPath [0x77777B8E+238]

	at sun.reflect.NativeConstructorAccessorImpl.newInstance0(Native Method)
	at sun.reflect.NativeConstructorAccessorImpl.newInstance(NativeConstructorAccessorImpl.java:62)
	at sun.reflect.DelegatingConstructorAccessorImpl.newInstance(DelegatingConstructorAccessorImpl.java:45)
	at java.lang.reflect.Constructor.newInstance(Constructor.java:423)
	at org.openqa.selenium.remote.W3CHandshakeResponse.lambda$new$0(W3CHandshakeResponse.java:57)
	at org.openqa.selenium.remote.W3CHandshakeResponse.lambda$getResponseFunction$2(W3CHandshakeResponse.java:104)
	at org.openqa.selenium.remote.ProtocolHandshake.lambda$createSession$0(ProtocolHandshake.java:123)
	at java.util.stream.ReferencePipeline$3$1.accept(ReferencePipeline.java:193)
	at java.util.Spliterators$ArraySpliterator.tryAdvance(Spliterators.java:958)
	at java.util.stream.ReferencePipeline.forEachWithCancel(ReferencePipeline.java:126)
	at java.util.stream.AbstractPipeline.copyIntoWithCancel(AbstractPipeline.java:498)
	at java.util.stream.AbstractPipeline.copyInto(AbstractPipeline.java:485)
	at java.util.stream.AbstractPipeline.wrapAndCopyInto(AbstractPipeline.java:471)
	at java.util.stream.FindOps$FindOp.evaluateSequential(FindOps.java:152)
	at java.util.stream.AbstractPipeline.evaluate(AbstractPipeline.java:234)
	at java.util.stream.ReferencePipeline.findFirst(ReferencePipeline.java:464)
	at org.openqa.selenium.remote.ProtocolHandshake.createSession(ProtocolHandshake.java:126)
	at org.openqa.selenium.remote.ProtocolHandshake.createSession(ProtocolHandshake.java:73)
	at org.openqa.selenium.remote.HttpCommandExecutor.execute(HttpCommandExecutor.java:142)
	at org.openqa.selenium.remote.service.DriverCommandExecutor.execute(DriverCommandExecutor.java:83)
	at org.openqa.selenium.remote.RemoteWebDriver.execute(RemoteWebDriver.java:601)
	at org.openqa.selenium.remote.RemoteWebDriver.startSession(RemoteWebDriver.java:219)
	at org.openqa.selenium.remote.RemoteWebDriver.<init>(RemoteWebDriver.java:142)
	at org.openqa.selenium.chrome.ChromeDriver.<init>(ChromeDriver.java:181)
	at org.openqa.selenium.chrome.ChromeDriver.<init>(ChromeDriver.java:168)
	at org.openqa.selenium.chrome.ChromeDriver.<init>(ChromeDriver.java:123)
	at org.example.StepDefs.Hooks.openBrowser(Hooks.java:19)
]]></failure>
</testcase>
<testcase classname="F06_Currencies |User could switch between currencies [$, €]" name="user can choose euro currency" time="23.039">
<failure message="Timed out waiting for driver server to start.&#10;Build info: version: '3.8.0', revision: '924c4067df', time: '2017-11-30T11:20:39.408Z'&#10;System info: host: 'SOMA-PC', ip: '192.168.1.6', os.name: 'Windows 10', os.arch: 'amd64', os.version: '10.0', java.version: '1.8.0_151'&#10;Driver info: driver.version: ChromeDriver" type="org.openqa.selenium.WebDriverException"><![CDATA[When user select “euro” from currency dropdown list.........................skipped
Then All the products change to euro symbol.................................skipped
Then user choose Euro successfully..........................................skipped

StackTrace:
org.openqa.selenium.WebDriverException: Timed out waiting for driver server to start.
Build info: version: '3.8.0', revision: '924c4067df', time: '2017-11-30T11:20:39.408Z'
System info: host: 'SOMA-PC', ip: '192.168.1.6', os.name: 'Windows 10', os.arch: 'amd64', os.version: '10.0', java.version: '1.8.0_151'
Driver info: driver.version: ChromeDriver
	at org.openqa.selenium.remote.service.DriverService.waitUntilAvailable(DriverService.java:192)
	at org.openqa.selenium.remote.service.DriverService.start(DriverService.java:178)
	at org.openqa.selenium.remote.service.DriverCommandExecutor.execute(DriverCommandExecutor.java:79)
	at org.openqa.selenium.remote.RemoteWebDriver.execute(RemoteWebDriver.java:601)
	at org.openqa.selenium.remote.RemoteWebDriver.startSession(RemoteWebDriver.java:219)
	at org.openqa.selenium.remote.RemoteWebDriver.<init>(RemoteWebDriver.java:142)
	at org.openqa.selenium.chrome.ChromeDriver.<init>(ChromeDriver.java:181)
	at org.openqa.selenium.chrome.ChromeDriver.<init>(ChromeDriver.java:168)
	at org.openqa.selenium.chrome.ChromeDriver.<init>(ChromeDriver.java:123)
	at org.example.StepDefs.Hooks.openBrowser(Hooks.java:19)
Caused by: org.openqa.selenium.net.UrlChecker$TimeoutException: Timed out waiting for [http://localhost:14738/status] to be available after 20003 ms
	at org.openqa.selenium.net.UrlChecker.waitUntilAvailable(UrlChecker.java:100)
	at org.openqa.selenium.remote.service.DriverService.waitUntilAvailable(DriverService.java:187)
	at org.openqa.selenium.remote.service.DriverService.start(DriverService.java:178)
	at org.openqa.selenium.remote.service.DriverCommandExecutor.execute(DriverCommandExecutor.java:79)
	at org.openqa.selenium.remote.RemoteWebDriver.execute(RemoteWebDriver.java:601)
	at org.openqa.selenium.remote.RemoteWebDriver.startSession(RemoteWebDriver.java:219)
	at org.openqa.selenium.remote.RemoteWebDriver.<init>(RemoteWebDriver.java:142)
	at org.openqa.selenium.chrome.ChromeDriver.<init>(ChromeDriver.java:181)
	at org.openqa.selenium.chrome.ChromeDriver.<init>(ChromeDriver.java:168)
	at org.openqa.selenium.chrome.ChromeDriver.<init>(ChromeDriver.java:123)
	at org.example.StepDefs.Hooks.openBrowser(Hooks.java:19)
	at sun.reflect.GeneratedMethodAccessor85.invoke(Unknown Source)
	at sun.reflect.DelegatingMethodAccessorImpl.invoke(DelegatingMethodAccessorImpl.java:43)
	at java.lang.reflect.Method.invoke(Method.java:498)
	at io.cucumber.java.Invoker.doInvoke(Invoker.java:66)
	at io.cucumber.java.Invoker.invokeStatic(Invoker.java:80)
	at io.cucumber.java.AbstractGlueDefinition.invokeMethod(AbstractGlueDefinition.java:45)
	at io.cucumber.java.JavaHookDefinition.execute(JavaHookDefinition.java:64)
	at io.cucumber.core.runner.CoreHookDefinition.execute(CoreHookDefinition.java:46)
	at io.cucumber.core.runner.HookDefinitionMatch.runStep(HookDefinitionMatch.java:21)
	at io.cucumber.core.runner.ExecutionMode$1.execute(ExecutionMode.java:10)
	at io.cucumber.core.runner.TestStep.executeStep(TestStep.java:85)
	at io.cucumber.core.runner.TestStep.run(TestStep.java:57)
	at io.cucumber.core.runner.TestCase.run(TestCase.java:78)
	at io.cucumber.core.runner.Runner.runPickle(Runner.java:75)
	at io.cucumber.testng.TestNGCucumberRunner.lambda$runScenario$1(TestNGCucumberRunner.java:132)
	at io.cucumber.core.runtime.CucumberExecutionContext.lambda$runTestCase$5(CucumberExecutionContext.java:129)
	at io.cucumber.core.runtime.RethrowingThrowableCollector.executeAndThrow(RethrowingThrowableCollector.java:23)
	at io.cucumber.core.runtime.CucumberExecutionContext.runTestCase(CucumberExecutionContext.java:129)
	at io.cucumber.testng.TestNGCucumberRunner.runScenario(TestNGCucumberRunner.java:129)
	at io.cucumber.testng.AbstractTestNGCucumberTests.runScenario(AbstractTestNGCucumberTests.java:35)
	at sun.reflect.GeneratedMethodAccessor72.invoke(Unknown Source)
	at sun.reflect.DelegatingMethodAccessorImpl.invoke(DelegatingMethodAccessorImpl.java:43)
	at java.lang.reflect.Method.invoke(Method.java:498)
	at org.testng.internal.invokers.MethodInvocationHelper.invokeMethod(MethodInvocationHelper.java:135)
	at org.testng.internal.invokers.TestInvoker.invokeMethod(TestInvoker.java:673)
	at org.testng.internal.invokers.TestInvoker.invokeTestMethod(TestInvoker.java:220)
	at org.testng.internal.invokers.MethodRunner.runInSequence(MethodRunner.java:50)
	at org.testng.internal.invokers.TestInvoker$MethodInvocationAgent.invoke(TestInvoker.java:945)
	at org.testng.internal.invokers.TestInvoker.invokeTestMethods(TestInvoker.java:193)
	at org.testng.internal.invokers.TestMethodWorker.invokeTestMethods(TestMethodWorker.java:146)
	at org.testng.internal.invokers.TestMethodWorker.run(TestMethodWorker.java:128)
	at java.util.ArrayList.forEach(ArrayList.java:1255)
	at org.testng.TestRunner.privateRun(TestRunner.java:808)
	at org.testng.TestRunner.run(TestRunner.java:603)
	at org.testng.SuiteRunner.runTest(SuiteRunner.java:429)
	at org.testng.SuiteRunner.runSequentially(SuiteRunner.java:423)
	at org.testng.SuiteRunner.privateRun(SuiteRunner.java:383)
	at org.testng.SuiteRunner.run(SuiteRunner.java:326)
	at org.testng.SuiteRunnerWorker.runSuite(SuiteRunnerWorker.java:52)
	at org.testng.SuiteRunnerWorker.run(SuiteRunnerWorker.java:95)
	at org.testng.TestNG.runSuitesSequentially(TestNG.java:1249)
	at org.testng.TestNG.runSuitesLocally(TestNG.java:1169)
	at org.testng.TestNG.runSuites(TestNG.java:1092)
	at org.testng.TestNG.run(TestNG.java:1060)
	at com.intellij.rt.testng.IDEARemoteTestNG.run(IDEARemoteTestNG.java:66)
	at com.intellij.rt.testng.RemoteTestNGStarter.main(RemoteTestNGStarter.java:109)
Caused by: java.util.concurrent.TimeoutException
	at java.util.concurrent.FutureTask.get(FutureTask.java:205)
	at com.google.common.util.concurrent.SimpleTimeLimiter.callWithTimeout(SimpleTimeLimiter.java:147)
	at org.openqa.selenium.net.UrlChecker.waitUntilAvailable(UrlChecker.java:75)
	... 56 more
]]></failure>
</testcase>
</testsuite>
